2024-06-04 16:42:25,539  SUCCESS ====== WebDriver manager ======
2024-06-04 16:42:26,443  SUCCESS Get LATEST chromedriver version for google-chrome
2024-06-04 16:42:26,991  SUCCESS Get LATEST chromedriver version for google-chrome
2024-06-04 16:42:27,406  SUCCESS Driver [C:\Users\Admin\.wdm\drivers\chromedriver\win64\125.0.6422.141\chromedriver-win32/chromedriver.exe] found in cache
2024-06-04 16:46:05,962  SUCCESS ====== WebDriver manager ======
2024-06-04 16:46:06,791  SUCCESS Get LATEST chromedriver version for google-chrome
2024-06-04 16:46:07,202  SUCCESS Get LATEST chromedriver version for google-chrome
2024-06-04 16:46:07,602  SUCCESS Driver [C:\Users\Admin\.wdm\drivers\chromedriver\win64\125.0.6422.141\chromedriver-win32/chromedriver.exe] found in cache
2024-06-04 16:47:03,242  SUCCESS SUCCESShttps://soundcloud.com/aleana
2024-06-04 16:47:03,245  SUCCESS SUCCESShttps://soundcloud.com/hoodadk4
2024-06-04 16:47:03,245  SUCCESS SUCCESShttps://soundcloud.com/daniripollmusic
2024-06-04 16:47:03,246  SUCCESS SUCCESShttps://soundcloud.com/4traxx500musix
2024-06-04 16:47:03,246  SUCCESS SUCCESShttps://soundcloud.com/khalid-raad-113777010
2024-06-04 16:47:03,246  SUCCESS SUCCESShttps://soundcloud.com/dj-pixelstorm
2024-06-04 16:47:03,247  SUCCESS SUCCESShttps://soundcloud.com/kets4eki
2024-06-04 16:47:03,247  SUCCESS SUCCESShttps://soundcloud.com/subtronics
2024-06-04 16:47:03,248  SUCCESS SUCCESShttps://soundcloud.com/four-tet
2024-06-04 16:47:03,248  SUCCESS SUCCESShttps://soundcloud.com/gremlife
2024-06-04 16:47:03,248  SUCCESS SUCCESShttps://soundcloud.com/mischluft
2024-06-04 16:47:03,249  SUCCESS SUCCESShttps://soundcloud.com/funkexploderecords
2024-06-04 16:47:03,250  SUCCESS SUCCESShttps://soundcloud.com/mandidextroustnt
2024-06-04 16:47:03,250  SUCCESS SUCCESShttps://soundcloud.com/astateoftrance
2024-06-04 16:47:03,250  SUCCESS SUCCESShttps://soundcloud.com/djvinicindoconcordia
2024-06-04 16:47:03,251  SUCCESS SUCCESShttps://soundcloud.com/9zggfeciem4j
2024-06-04 16:47:03,252  SUCCESS SUCCESShttps://soundcloud.com/a-m-c
2024-06-04 16:47:03,252  SUCCESS SUCCESShttps://soundcloud.com/mazzawagwan
2024-06-04 16:47:03,253  SUCCESS SUCCESShttps://soundcloud.com/thefinesttechno
2024-06-04 16:47:03,253  SUCCESS SUCCESShttps://soundcloud.com/gidi-segal
2024-06-04 16:47:03,254  SUCCESS SUCCESShttps://soundcloud.com/musicis4lovers
2024-06-04 16:47:03,254  SUCCESS SUCCESShttps://soundcloud.com/coloktoto-vip
2024-06-04 16:47:03,255  SUCCESS SUCCESShttps://soundcloud.com/lilpete-4
2024-06-04 16:47:03,255  SUCCESS SUCCESShttps://soundcloud.com/jay-4-236800432
2024-06-04 16:47:03,255  SUCCESS SUCCESShttps://soundcloud.com/nicholaskyasima
2024-06-04 16:47:03,256  SUCCESS SUCCESShttps://soundcloud.com/rareshofficial
2024-06-04 16:47:03,257  SUCCESS SUCCESShttps://soundcloud.com/v_letical
2024-06-04 16:47:03,258  SUCCESS SUCCESShttps://soundcloud.com/jvlad4395
2024-06-04 16:47:03,259  SUCCESS SUCCESShttps://soundcloud.com/frostydasnowmann
2024-06-04 16:47:03,260  SUCCESS SUCCESShttps://soundcloud.com/emigalvan
2024-06-04 16:47:03,260  SUCCESS SUCCESShttps://soundcloud.com/inverted-audio
2024-06-04 16:47:03,261  SUCCESS SUCCESShttps://soundcloud.com/ck9c
2024-06-04 16:47:03,262  SUCCESS SUCCESShttps://soundcloud.com/slowboyyy
2024-06-04 16:47:03,263  SUCCESS SUCCESShttps://soundcloud.com/am4ri
2024-06-04 16:47:03,263  SUCCESS SUCCESShttps://soundcloud.com/leowaldrop
2024-06-04 16:47:03,263  SUCCESS SUCCESShttps://soundcloud.com/yxngka
2024-06-04 16:47:03,264  SUCCESS SUCCESShttps://soundcloud.com/a-kay-1
2024-06-04 16:47:03,264  SUCCESS SUCCESShttps://soundcloud.com/moayad-own
2024-06-04 16:47:03,265  SUCCESS SUCCESShttps://soundcloud.com/mikal-feen-x-dirtymike
2024-06-04 16:47:03,265  SUCCESS SUCCESShttps://soundcloud.com/deejayizzy
2024-06-04 16:47:03,266  SUCCESS SUCCESShttps://soundcloud.com/zeltrax-productions
2024-06-04 16:47:03,266  SUCCESS SUCCESShttps://soundcloud.com/heraconmusic
2024-06-04 16:47:03,267  SUCCESS SUCCESShttps://soundcloud.com/harryyyyy
2024-06-04 16:47:03,267  SUCCESS SUCCESShttps://soundcloud.com/raulflr
2024-06-04 16:47:03,267  SUCCESS SUCCESShttps://soundcloud.com/arterapsy
2024-06-04 16:47:03,268  SUCCESS SUCCESShttps://soundcloud.com/afnpeso
2024-06-04 16:47:03,268  SUCCESS SUCCESShttps://soundcloud.com/markwithak
2024-06-04 16:47:03,268  SUCCESS SUCCESShttps://soundcloud.com/b4sstee
2024-06-04 16:47:03,269  SUCCESS SUCCESShttps://soundcloud.com/djwassja
2024-06-04 16:47:03,269  SUCCESS SUCCESShttps://soundcloud.com/dinoa1
2024-06-04 16:47:56,252  SUCCESS SUCCESShttps://soundcloud.com/b31549
2024-06-04 16:47:56,257  SUCCESS SUCCESShttps://soundcloud.com/fugitivesmusic
2024-06-04 16:47:56,258  SUCCESS SUCCESShttps://soundcloud.com/benjaminy
2024-06-04 16:47:56,258  SUCCESS SUCCESShttps://soundcloud.com/tape-b-official
2024-06-04 16:47:56,259  SUCCESS SUCCESShttps://soundcloud.com/dnballstars
2024-06-04 16:47:56,259  SUCCESS SUCCESShttps://soundcloud.com/notoriousbig
2024-06-04 16:47:56,260  SUCCESS SUCCESShttps://soundcloud.com/iamcardib
2024-06-04 16:47:56,261  SUCCESS SUCCESShttps://soundcloud.com/bangtan
2024-06-04 16:47:56,261  SUCCESS SUCCESShttps://soundcloud.com/altbevereti
2024-06-04 16:47:56,261  SUCCESS SUCCESShttps://soundcloud.com/lil-baby-4pf
2024-06-04 16:47:56,262  SUCCESS SUCCESShttps://soundcloud.com/blackkray
2024-06-04 16:47:56,262  SUCCESS SUCCESShttps://soundcloud.com/pnbrock
2024-06-04 16:47:56,263  SUCCESS SUCCESShttps://soundcloud.com/marky_b_music
2024-06-04 16:47:56,263  SUCCESS SUCCESShttps://soundcloud.com/rxbbits
2024-06-04 16:47:56,264  SUCCESS SUCCESShttps://soundcloud.com/5560mar
2024-06-04 16:47:56,264  SUCCESS SUCCESShttps://soundcloud.com/lilblovesthebasedgod
2024-06-04 16:47:56,265  SUCCESS SUCCESShttps://soundcloud.com/hodabondok-music
2024-06-04 16:47:56,265  SUCCESS SUCCESShttps://soundcloud.com/deejaypatb
2024-06-04 16:47:56,265  SUCCESS SUCCESShttps://soundcloud.com/dj-lbeats
2024-06-04 16:47:56,266  SUCCESS SUCCESShttps://soundcloud.com/davidsanyabeats
2024-06-04 16:47:56,266  SUCCESS SUCCESShttps://soundcloud.com/ynw-b-slime
2024-06-04 16:47:56,266  SUCCESS SUCCESShttps://soundcloud.com/b-lovee
2024-06-04 16:47:56,267  SUCCESS SUCCESShttps://soundcloud.com/lbabyb
2024-06-04 16:47:56,267  SUCCESS SUCCESShttps://soundcloud.com/luke-slater
2024-06-04 16:47:56,268  SUCCESS SUCCESShttps://soundcloud.com/juongbofficial
2024-06-04 16:47:56,268  SUCCESS SUCCESShttps://soundcloud.com/dougieb-music
2024-06-04 16:47:56,268  SUCCESS SUCCESShttps://soundcloud.com/user-161586108
2024-06-04 16:47:56,269  SUCCESS SUCCESShttps://soundcloud.com/ashagchandler
2024-06-04 16:47:56,269  SUCCESS SUCCESShttps://soundcloud.com/isaiahmaseaward
2024-06-04 16:47:56,270  SUCCESS SUCCESShttps://soundcloud.com/officialb2s
2024-06-04 16:47:56,270  SUCCESS SUCCESShttps://soundcloud.com/wearestudio
2024-06-04 16:47:56,270  SUCCESS SUCCESShttps://soundcloud.com/datatransmissiondnb
2024-06-04 16:47:56,271  SUCCESS SUCCESShttps://soundcloud.com/obihardtechno
2024-06-04 16:47:56,271  SUCCESS SUCCESShttps://soundcloud.com/dj-barrybfresh
2024-06-04 16:47:56,271  SUCCESS SUCCESShttps://soundcloud.com/b-wizz-277564513
2024-06-04 16:47:56,271  SUCCESS SUCCESShttps://soundcloud.com/lilbeno3
2024-06-04 16:47:56,272  SUCCESS SUCCESShttps://soundcloud.com/b4sstee
2024-06-04 16:47:56,272  SUCCESS SUCCESShttps://soundcloud.com/dj4b
2024-06-04 16:47:56,272  SUCCESS SUCCESShttps://soundcloud.com/tripple-b-197001131
2024-06-04 16:47:56,273  SUCCESS SUCCESShttps://soundcloud.com/ruthbofficial
2024-06-04 16:47:56,273  SUCCESS SUCCESShttps://soundcloud.com/djnatzb
2024-06-04 16:47:56,273  SUCCESS SUCCESShttps://soundcloud.com/diatonik-ind
2024-06-04 16:47:56,274  SUCCESS SUCCESShttps://soundcloud.com/starbrightsofficial
2024-06-04 16:47:56,274  SUCCESS SUCCESShttps://soundcloud.com/lobsta-b
2024-06-04 16:47:56,275  SUCCESS SUCCESShttps://soundcloud.com/maxbofficial
2024-06-04 16:47:56,275  SUCCESS SUCCESShttps://soundcloud.com/djguizimofc
2024-06-04 16:47:56,275  SUCCESS SUCCESShttps://soundcloud.com/996lit
2024-06-04 16:47:56,276  SUCCESS SUCCESShttps://soundcloud.com/noghtte
2024-06-04 16:47:56,277  SUCCESS SUCCESShttps://soundcloud.com/boccu-bxx
2024-06-04 16:47:56,277  SUCCESS SUCCESShttps://soundcloud.com/ranbproducer
2024-06-04 16:47:56,277  SUCCESS SUCCESShttps://soundcloud.com/runawayb
2024-06-04 16:47:56,278  SUCCESS SUCCESShttps://soundcloud.com/mariobeckmandj
2024-06-04 16:47:56,278  SUCCESS SUCCESShttps://soundcloud.com/factorbmusic
2024-06-04 16:47:56,278  SUCCESS SUCCESShttps://soundcloud.com/draco-922022068
2024-06-04 16:47:56,279  SUCCESS SUCCESShttps://soundcloud.com/byron-williams897
2024-06-04 16:47:56,279  SUCCESS SUCCESShttps://soundcloud.com/bossfightswe
2024-06-04 16:47:56,279  SUCCESS SUCCESShttps://soundcloud.com/haivai-b
2024-06-04 16:47:56,279  SUCCESS SUCCESShttps://soundcloud.com/mikebw92d
2024-06-04 16:47:56,280  SUCCESS SUCCESShttps://soundcloud.com/lbfrmd15
2024-06-04 16:47:56,280  SUCCESS SUCCESShttps://soundcloud.com/wehbba
2024-06-04 16:47:56,280  SUCCESS SUCCESShttps://soundcloud.com/brunobe
2024-06-04 16:47:56,280  SUCCESS SUCCESShttps://soundcloud.com/dopebonfleek
2024-06-04 16:47:56,281  SUCCESS SUCCESShttps://soundcloud.com/solangeknowles
2024-06-04 16:47:56,281  SUCCESS SUCCESShttps://soundcloud.com/tay-bafin
2024-06-04 16:47:56,281  SUCCESS SUCCESShttps://soundcloud.com/planbofficial
2024-06-04 16:47:56,281  SUCCESS SUCCESShttps://soundcloud.com/b-nh-v-n-242546436
2024-06-04 16:47:56,282  SUCCESS SUCCESShttps://soundcloud.com/franky_b_trax
2024-06-04 16:47:56,282  SUCCESS SUCCESShttps://soundcloud.com/jamiebdj
2024-06-04 16:47:56,282  SUCCESS SUCCESShttps://soundcloud.com/user-662116493
2024-06-04 16:47:56,283  SUCCESS SUCCESShttps://soundcloud.com/bazzy-b-774771574
2024-06-04 16:47:56,283  SUCCESS SUCCESShttps://soundcloud.com/are-b-schanke
2024-06-04 16:47:56,283  SUCCESS SUCCESShttps://soundcloud.com/channelbpodcast
2024-06-04 16:47:56,283  SUCCESS SUCCESShttps://soundcloud.com/layilah-b
2024-06-04 16:47:56,284  SUCCESS SUCCESShttps://soundcloud.com/patricio-b-m
2024-06-04 16:47:56,284  SUCCESS SUCCESShttps://soundcloud.com/lucas-b-885855420
2024-06-04 16:47:56,284  SUCCESS SUCCESShttps://soundcloud.com/format-b-2
2024-06-04 16:47:56,284  SUCCESS SUCCESShttps://soundcloud.com/rnbandribs
2024-06-04 16:47:56,285  SUCCESS SUCCESShttps://soundcloud.com/iamblush
2024-06-04 16:47:56,285  SUCCESS SUCCESShttps://soundcloud.com/thedolab
2024-06-04 16:47:56,285  SUCCESS SUCCESShttps://soundcloud.com/philippeblondiaux
2024-06-04 16:47:56,285  SUCCESS SUCCESShttps://soundcloud.com/dj_fiuza
2024-06-04 16:47:56,286  SUCCESS SUCCESShttps://soundcloud.com/nally90
2024-06-04 16:47:56,286  SUCCESS SUCCESShttps://soundcloud.com/huskii201
2024-06-04 16:47:56,286  SUCCESS SUCCESShttps://soundcloud.com/the_endless_knot
2024-06-04 16:47:56,287  SUCCESS SUCCESShttps://soundcloud.com/thanhlong205
2024-06-04 16:47:56,287  SUCCESS SUCCESShttps://soundcloud.com/byfinesse-music
2024-06-04 16:47:56,287  SUCCESS SUCCESShttps://soundcloud.com/ehab-ahmed-210021066
2024-06-04 16:47:56,287  SUCCESS SUCCESShttps://soundcloud.com/bb-king-official
2024-06-04 16:47:56,288  SUCCESS SUCCESShttps://soundcloud.com/entry-tisa
2024-06-04 16:47:56,288  SUCCESS SUCCESShttps://soundcloud.com/universe-axiom-label
2024-06-04 16:47:56,288  SUCCESS SUCCESShttps://soundcloud.com/realb_austin
2024-06-04 16:47:56,288  SUCCESS SUCCESShttps://soundcloud.com/3791
2024-06-04 16:47:56,289  SUCCESS SUCCESShttps://soundcloud.com/deejay-afro-b
2024-06-04 16:47:56,289  SUCCESS SUCCESShttps://soundcloud.com/user-704515444
2024-06-04 16:47:56,289  SUCCESS SUCCESShttps://soundcloud.com/argonantlers
2024-06-04 16:47:56,290  SUCCESS SUCCESShttps://soundcloud.com/7268888868techcombank
2024-06-04 16:47:56,290  SUCCESS SUCCESShttps://soundcloud.com/bel1v
2024-06-04 16:47:56,291  SUCCESS SUCCESShttps://soundcloud.com/michele-daltoe-1
2024-06-04 16:47:56,291  SUCCESS SUCCESShttps://soundcloud.com/ogchaseb
2024-06-04 16:47:56,292  SUCCESS SUCCESShttps://soundcloud.com/user-126132010
2024-06-04 16:47:56,292  SUCCESS SUCCESShttps://soundcloud.com/rose9-av9
2024-06-04 16:47:56,293  SUCCESS SUCCESShttps://soundcloud.com/joeb_uk
2024-06-04 16:47:56,293  SUCCESS SUCCESShttps://soundcloud.com/user-454181056
2024-06-04 16:47:56,293  SUCCESS SUCCESShttps://soundcloud.com/filho-do-rique-ff
2024-06-04 16:47:56,294  SUCCESS SUCCESShttps://soundcloud.com/philippe32
2024-06-04 16:47:56,294  SUCCESS SUCCESShttps://soundcloud.com/0506547464
2024-06-04 16:47:56,294  SUCCESS SUCCESShttps://soundcloud.com/obfsoundsystem
2024-06-04 16:47:56,294  SUCCESS SUCCESShttps://soundcloud.com/byoung-music
2024-06-04 16:47:56,295  SUCCESS SUCCESShttps://soundcloud.com/bpraak
2024-06-04 16:47:56,295  SUCCESS SUCCESShttps://soundcloud.com/bt
2024-06-04 16:47:56,295  SUCCESS SUCCESShttps://soundcloud.com/theknocks
2024-06-04 16:47:56,296  SUCCESS SUCCESShttps://soundcloud.com/katyb
2024-06-04 16:47:56,296  SUCCESS SUCCESShttps://soundcloud.com/djcharlesb
2024-06-04 16:47:56,296  SUCCESS SUCCESShttps://soundcloud.com/nblaaaa
2024-06-04 16:47:56,296  SUCCESS SUCCESShttps://soundcloud.com/eric-b-and-rakim
2024-06-04 16:47:56,297  SUCCESS SUCCESShttps://soundcloud.com/b-am-f
2024-06-04 16:47:56,297  SUCCESS SUCCESShttps://soundcloud.com/djbfront
2024-06-04 16:47:56,297  SUCCESS SUCCESShttps://soundcloud.com/time4planb
2024-06-04 16:47:56,297  SUCCESS SUCCESShttps://soundcloud.com/singkirbysing
2024-06-04 16:47:56,298  SUCCESS SUCCESShttps://soundcloud.com/anthony-b-official
2024-06-04 16:47:56,298  SUCCESS SUCCESShttps://soundcloud.com/ramesesb
2024-06-04 16:47:56,298  SUCCESS SUCCESShttps://soundcloud.com/fitzyrossyb
2024-06-04 16:47:56,299  SUCCESS SUCCESShttps://soundcloud.com/jon-b-official
2024-06-04 16:47:56,299  SUCCESS SUCCESShttps://soundcloud.com/ishan_sl
2024-06-04 16:47:56,299  SUCCESS SUCCESShttps://soundcloud.com/muru-b4
2024-06-04 16:47:56,299  SUCCESS SUCCESShttps://soundcloud.com/ismael-salcedo-b
2024-06-04 16:47:56,300  SUCCESS SUCCESShttps://soundcloud.com/music-comm-b
2024-06-04 16:47:56,300  SUCCESS SUCCESShttps://soundcloud.com/b4aquay
2024-06-04 16:47:56,300  SUCCESS SUCCESShttps://soundcloud.com/djbgeneration1
2024-06-04 16:47:56,300  SUCCESS SUCCESShttps://soundcloud.com/xdjneonx
2024-06-04 16:47:56,301  SUCCESS SUCCESShttps://soundcloud.com/fucktoprecords
2024-06-04 16:47:56,301  SUCCESS SUCCESShttps://soundcloud.com/h2b_vnh
2024-06-04 16:47:56,301  SUCCESS SUCCESShttps://soundcloud.com/duartezn-b2b-jhoan
2024-06-04 16:47:56,301  SUCCESS SUCCESShttps://soundcloud.com/b1ooms
2024-06-04 16:47:56,302  SUCCESS SUCCESShttps://soundcloud.com/kevin-bryers
2024-06-04 16:47:56,302  SUCCESS SUCCESShttps://soundcloud.com/berelationspublishing
2024-06-04 16:47:56,302  SUCCESS SUCCESShttps://soundcloud.com/relsb
2024-06-04 16:47:56,303  SUCCESS SUCCESShttps://soundcloud.com/bbrezzy-sc
2024-06-04 16:47:56,303  SUCCESS SUCCESShttps://soundcloud.com/braa-z-oby
2024-06-04 16:47:56,303  SUCCESS SUCCESShttps://soundcloud.com/suny-simmons
2024-06-04 16:47:56,304  SUCCESS SUCCESShttps://soundcloud.com/jeromeb_kameleon
2024-06-04 16:47:56,304  SUCCESS SUCCESShttps://soundcloud.com/wryb-sghgs
2024-06-04 16:47:56,304  SUCCESS SUCCESShttps://soundcloud.com/jackyb-music
2024-06-04 16:47:56,304  SUCCESS SUCCESShttps://soundcloud.com/buku
2024-06-04 16:47:56,305  SUCCESS SUCCESShttps://soundcloud.com/trakb
2024-06-04 16:47:56,305  SUCCESS SUCCESShttps://soundcloud.com/blackb-music
2024-06-04 16:47:56,305  SUCCESS SUCCESShttps://soundcloud.com/hassan-ali-62385340
2024-06-04 16:47:56,305  SUCCESS SUCCESShttps://soundcloud.com/4vq
2024-06-04 16:47:56,306  SUCCESS SUCCESShttps://soundcloud.com/doe-b
2024-06-04 16:47:56,306  SUCCESS SUCCESShttps://soundcloud.com/jakka-b
2024-06-04 16:47:56,307  SUCCESS SUCCESShttps://soundcloud.com/dirt-life-records
2024-06-04 16:47:56,307  SUCCESS SUCCESShttps://soundcloud.com/mcrogeroficial
2024-06-04 16:47:56,307  SUCCESS SUCCESShttps://soundcloud.com/baianos-b2b
2024-06-04 16:47:56,308  SUCCESS SUCCESShttps://soundcloud.com/user-779647642
2024-06-04 16:47:56,309  SUCCESS SUCCESShttps://soundcloud.com/steviebofficial
2024-06-04 16:47:56,309  SUCCESS SUCCESShttps://soundcloud.com/joit-de
2024-06-04 16:47:56,310  SUCCESS SUCCESShttps://soundcloud.com/djmtsdaserra
2024-06-04 16:47:56,310  SUCCESS SUCCESShttps://soundcloud.com/b-band
2024-06-04 16:47:56,310  SUCCESS SUCCESShttps://soundcloud.com/b_rizzo
2024-06-04 16:47:56,310  SUCCESS SUCCESShttps://soundcloud.com/jazzyb-music
2024-06-04 16:47:56,311  SUCCESS SUCCESShttps://soundcloud.com/rhythmstormatkum
2024-06-04 16:47:56,311  SUCCESS SUCCESShttps://soundcloud.com/young-forever-913610
2024-06-04 16:47:56,311  SUCCESS SUCCESShttps://soundcloud.com/bgoodie973
2024-06-04 16:47:56,312  SUCCESS SUCCESShttps://soundcloud.com/user-494880911
2024-06-04 16:47:56,312  SUCCESS SUCCESShttps://soundcloud.com/taybesco
2024-06-04 16:47:56,312  SUCCESS SUCCESShttps://soundcloud.com/queenashb
2024-06-04 16:47:56,313  SUCCESS SUCCESShttps://soundcloud.com/user-384072466
2024-06-04 16:47:56,313  SUCCESS SUCCESShttps://soundcloud.com/juan-vn-963707026
2024-06-04 16:47:56,313  SUCCESS SUCCESShttps://soundcloud.com/l-ti-n-ph-t-765697186
2024-06-04 16:47:56,313  SUCCESS SUCCESShttps://soundcloud.com/t-i
2024-06-04 16:47:56,313  SUCCESS SUCCESShttps://soundcloud.com/streetkid999
2024-06-04 16:47:56,314  SUCCESS SUCCESShttps://soundcloud.com/nik0bellic
2024-06-04 16:47:56,314  SUCCESS SUCCESShttps://soundcloud.com/junior-olson-282827552
2024-06-04 16:47:56,314  SUCCESS SUCCESShttps://soundcloud.com/user-932680673
2024-06-04 16:47:56,314  SUCCESS SUCCESShttps://soundcloud.com/bking-music
2024-06-04 16:47:56,314  SUCCESS SUCCESShttps://soundcloud.com/never-b-alone
2024-06-04 16:47:56,314  SUCCESS SUCCESShttps://soundcloud.com/user-906683519
2024-06-04 16:47:56,314  SUCCESS SUCCESShttps://soundcloud.com/johnb
2024-06-04 16:47:56,314  SUCCESS SUCCESShttps://soundcloud.com/rober-martin-6
2024-06-04 16:47:56,314  SUCCESS SUCCESShttps://soundcloud.com/b-unq
2024-06-04 16:47:56,314  SUCCESS SUCCESShttps://soundcloud.com/bradzii-manu-sam
2024-06-04 16:47:56,314  SUCCESS SUCCESShttps://soundcloud.com/djstormdnb
2024-06-04 16:47:56,314  SUCCESS SUCCESShttps://soundcloud.com/jeem-yosuo
2024-06-04 16:47:56,314  SUCCESS SUCCESShttps://soundcloud.com/solunary
2024-06-04 16:47:56,318  SUCCESS SUCCESShttps://soundcloud.com/b-o-d-star
2024-06-04 16:47:56,318  SUCCESS SUCCESShttps://soundcloud.com/jordan-junior-682291947
2024-06-04 16:47:56,318  SUCCESS SUCCESShttps://soundcloud.com/imfarrellb
2024-06-04 16:47:56,319  SUCCESS SUCCESShttps://soundcloud.com/tripbmusicc
2024-06-04 16:47:56,319  SUCCESS SUCCESShttps://soundcloud.com/zerox-tekk
2024-06-04 16:47:56,319  SUCCESS SUCCESShttps://soundcloud.com/smokey-bubblin-b123
2024-06-04 16:47:56,319  SUCCESS SUCCESShttps://soundcloud.com/kenyondixonmusic
2024-06-04 16:47:56,320  SUCCESS SUCCESShttps://soundcloud.com/rappersanger-1
2024-06-04 16:47:56,320  SUCCESS SUCCESShttps://soundcloud.com/annabel
2024-06-04 16:47:56,320  SUCCESS SUCCESShttps://soundcloud.com/bllyg
2024-06-04 16:47:56,320  SUCCESS SUCCESShttps://soundcloud.com/soundcloud-auras
2024-06-04 16:47:56,321  SUCCESS SUCCESShttps://soundcloud.com/marstarbro120
2024-06-04 16:47:56,321  SUCCESS SUCCESShttps://soundcloud.com/hamada-shaqfa
2024-06-04 16:47:56,321  SUCCESS SUCCESShttps://soundcloud.com/tyler-b-style
2024-06-04 16:47:56,322  SUCCESS SUCCESShttps://soundcloud.com/groovesbygusted
2024-06-04 16:47:56,322  SUCCESS SUCCESShttps://soundcloud.com/smalb_monsters
2024-06-04 16:47:56,322  SUCCESS SUCCESShttps://soundcloud.com/snight-b-deejay
2024-06-04 16:47:56,322  SUCCESS SUCCESShttps://soundcloud.com/radiod59b
2024-06-04 16:47:56,323  SUCCESS SUCCESShttps://soundcloud.com/demonade-x
2024-06-04 16:47:56,323  SUCCESS SUCCESShttps://soundcloud.com/user-332469796
2024-06-04 16:47:56,323  SUCCESS SUCCESShttps://soundcloud.com/yoaann_b
2024-06-04 16:47:56,324  SUCCESS SUCCESShttps://soundcloud.com/shema
2024-06-04 16:47:56,324  SUCCESS SUCCESShttps://soundcloud.com/benji-b
2024-06-04 16:47:56,324  SUCCESS SUCCESShttps://soundcloud.com/b33ma
2024-06-04 16:47:56,324  SUCCESS SUCCESShttps://soundcloud.com/nickas-b-caartser
2024-06-04 16:47:56,324  SUCCESS SUCCESShttps://soundcloud.com/b1ankk
2024-06-04 16:47:56,324  SUCCESS SUCCESShttps://soundcloud.com/f-b-do-y-t-b-ofc
2024-06-04 16:47:56,324  SUCCESS SUCCESShttps://soundcloud.com/b-g-miel-honey
2024-06-04 16:47:56,324  SUCCESS SUCCESShttps://soundcloud.com/2b-movic
2024-06-04 16:47:56,324  SUCCESS SUCCESShttps://soundcloud.com/ranks-b
2024-06-04 16:47:56,324  SUCCESS SUCCESShttps://soundcloud.com/djlocalb
2024-06-04 16:47:56,324  SUCCESS SUCCESShttps://soundcloud.com/tekab
2024-06-04 16:47:56,328  SUCCESS SUCCESShttps://soundcloud.com/ashb4sure
2024-06-04 16:47:56,328  SUCCESS SUCCESShttps://soundcloud.com/b-2official
2024-06-04 16:47:56,328  SUCCESS SUCCESShttps://soundcloud.com/b-dawg-music
2024-06-04 16:47:56,328  SUCCESS SUCCESShttps://soundcloud.com/b1un7
2024-06-04 16:47:56,329  SUCCESS SUCCESShttps://soundcloud.com/b-ngh-a-27660162
2024-06-04 16:47:56,329  SUCCESS SUCCESShttps://soundcloud.com/b4llin
2024-06-04 16:47:56,329  SUCCESS SUCCESShttps://soundcloud.com/kaelinellisog
2024-06-04 16:47:56,329  SUCCESS SUCCESShttps://soundcloud.com/headzup-uk
2024-06-04 16:47:56,330  SUCCESS SUCCESShttps://soundcloud.com/bala-b-official
2024-06-04 16:47:56,330  SUCCESS SUCCESShttps://soundcloud.com/b-e-ps
2024-06-04 16:47:56,330  SUCCESS SUCCESShttps://soundcloud.com/dot-b-official-1
2024-06-04 16:47:56,330  SUCCESS SUCCESShttps://soundcloud.com/blackpartypresents
2024-06-04 16:47:56,331  SUCCESS SUCCESShttps://soundcloud.com/ryan-b-the-voice-for-pcrf
2024-06-04 16:47:56,331  SUCCESS SUCCESShttps://soundcloud.com/b-dec
2024-06-04 16:47:56,331  SUCCESS SUCCESShttps://soundcloud.com/b-class-music
2024-06-04 16:47:56,331  SUCCESS SUCCESShttps://soundcloud.com/m-j-b-h-481835296
2024-06-04 16:47:56,332  SUCCESS SUCCESShttps://soundcloud.com/user-338851148
2024-06-04 16:47:56,332  SUCCESS SUCCESShttps://soundcloud.com/michibitou
2024-06-04 16:47:56,332  SUCCESS SUCCESShttps://soundcloud.com/b-garmel
2024-06-04 16:47:56,332  SUCCESS SUCCESShttps://soundcloud.com/djalexb-france
2024-06-04 16:47:56,332  SUCCESS SUCCESShttps://soundcloud.com/bunbtrillog
2024-06-04 16:47:56,332  SUCCESS SUCCESShttps://soundcloud.com/bee-lee-zee
2024-06-04 16:47:56,332  SUCCESS SUCCESShttps://soundcloud.com/kachpromo
2024-06-04 16:47:56,332  SUCCESS SUCCESShttps://soundcloud.com/bfrome
2024-06-04 16:47:56,332  SUCCESS SUCCESShttps://soundcloud.com/klfs-alahbabi
2024-06-04 16:47:56,332  SUCCESS SUCCESShttps://soundcloud.com/armin-bz
2024-06-04 16:47:56,332  SUCCESS SUCCESShttps://soundcloud.com/frequentiis
2024-06-04 16:47:56,332  SUCCESS SUCCESShttps://soundcloud.com/yungtonyb
2024-06-04 16:47:56,332  SUCCESS SUCCESShttps://soundcloud.com/jango-kett-dnb
2024-06-04 16:47:56,332  SUCCESS SUCCESShttps://soundcloud.com/user-670008670
2024-06-04 16:47:56,332  SUCCESS SUCCESShttps://soundcloud.com/dvbproductionz
2024-06-04 16:47:56,332  SUCCESS SUCCESShttps://soundcloud.com/itsrbsoul
2024-06-04 16:47:56,332  SUCCESS SUCCESShttps://soundcloud.com/ne-heartbreak
2024-06-04 16:47:56,332  SUCCESS SUCCESShttps://soundcloud.com/kenzo-b-893417543
2024-06-04 16:47:56,332  SUCCESS SUCCESShttps://soundcloud.com/patron-b-a
2024-06-04 16:47:56,332  SUCCESS SUCCESShttps://soundcloud.com/double-b-mixes
2024-06-04 16:47:56,332  SUCCESS SUCCESShttps://soundcloud.com/rowjaycob
2024-06-04 16:47:56,338  SUCCESS SUCCESShttps://soundcloud.com/murdab
2024-06-04 16:47:56,338  SUCCESS SUCCESShttps://soundcloud.com/bagas-silalahi02
2024-06-04 16:47:56,338  SUCCESS SUCCESShttps://soundcloud.com/sarahthebeee
2024-06-04 16:47:56,338  SUCCESS SUCCESShttps://soundcloud.com/lab-sc
2024-06-04 16:47:56,339  SUCCESS SUCCESShttps://soundcloud.com/hybridbanduk
2024-06-04 16:47:56,339  SUCCESS SUCCESShttps://soundcloud.com/bsmyth
2024-06-04 16:47:56,339  SUCCESS SUCCESShttps://soundcloud.com/boneztpd
2024-06-04 16:47:56,339  SUCCESS SUCCESShttps://soundcloud.com/fastmoneyflashyb
2024-06-04 16:47:56,340  SUCCESS SUCCESShttps://soundcloud.com/user-743348401
2024-06-04 16:47:56,340  SUCCESS SUCCESShttps://soundcloud.com/bobby_phan1996
2024-06-04 16:47:56,341  SUCCESS SUCCESShttps://soundcloud.com/brandon-swink-358437370
2024-06-04 16:47:56,341  SUCCESS SUCCESShttps://soundcloud.com/user-852490209
2024-06-04 16:47:56,341  SUCCESS SUCCESShttps://soundcloud.com/fernandinhob20
2024-06-04 16:47:56,341  SUCCESS SUCCESShttps://soundcloud.com/seanib-com
2024-06-04 16:47:56,342  SUCCESS SUCCESShttps://soundcloud.com/hussambeats
2024-06-04 16:47:56,343  SUCCESS SUCCESShttps://soundcloud.com/dnbdoctor
2024-06-04 16:47:56,343  SUCCESS SUCCESShttps://soundcloud.com/strictlyaboutbizznezz
2024-06-04 16:47:56,343  SUCCESS SUCCESShttps://soundcloud.com/user-226975931
2024-06-04 16:47:56,343  SUCCESS SUCCESShttps://soundcloud.com/officialdrumad
2024-06-04 16:47:56,343  SUCCESS SUCCESShttps://soundcloud.com/g-tone-1
2024-06-04 16:47:56,343  SUCCESS SUCCESShttps://soundcloud.com/berrybluee
2024-06-04 16:47:56,344  SUCCESS SUCCESShttps://soundcloud.com/ha-bib-436108042
2024-06-04 16:47:56,344  SUCCESS SUCCESShttps://soundcloud.com/lob-turiya_rec
2024-06-04 16:47:56,344  SUCCESS SUCCESShttps://soundcloud.com/planb42767
2024-06-04 16:47:56,344  SUCCESS SUCCESShttps://soundcloud.com/king-xclusive
2024-06-04 16:47:56,345  SUCCESS SUCCESShttps://soundcloud.com/cadiralexander-ramirezperez
2024-06-04 16:47:56,345  SUCCESS SUCCESShttps://soundcloud.com/jamietiller
2024-06-04 16:47:56,345  SUCCESS SUCCESShttps://soundcloud.com/black-whale-587426387
2024-06-04 16:47:56,345  SUCCESS SUCCESShttps://soundcloud.com/0vkis
2024-06-04 16:47:56,346  SUCCESS SUCCESShttps://soundcloud.com/odd-squad-family
2024-06-04 16:47:56,346  SUCCESS SUCCESShttps://soundcloud.com/maxangle
2024-06-04 16:47:56,346  SUCCESS SUCCESShttps://soundcloud.com/10point-4genesis
2024-06-04 16:47:56,346  SUCCESS SUCCESShttps://soundcloud.com/djcharlieb1
2024-06-04 16:47:56,347  SUCCESS SUCCESShttps://soundcloud.com/syckrow
2024-06-04 16:47:56,348  SUCCESS SUCCESShttps://soundcloud.com/dark-disco
2024-06-04 16:47:56,348  SUCCESS SUCCESShttps://soundcloud.com/remak-dj-987
2024-06-04 16:47:56,348  SUCCESS SUCCESShttps://soundcloud.com/djkeke97
2024-06-04 16:47:56,349  SUCCESS SUCCESShttps://soundcloud.com/thc-billy-b
2024-06-04 16:47:56,349  SUCCESS SUCCESShttps://soundcloud.com/rajeev-b
2024-06-04 16:47:56,349  SUCCESS SUCCESShttps://soundcloud.com/nevraltik
2024-06-04 16:47:56,349  SUCCESS SUCCESShttps://soundcloud.com/ebktreyb
2024-06-04 16:47:56,349  SUCCESS SUCCESShttps://soundcloud.com/gibson-mipari
2024-06-04 16:47:56,349  SUCCESS SUCCESShttps://soundcloud.com/dnb-unreleased
2024-06-04 16:47:56,349  SUCCESS SUCCESShttps://soundcloud.com/zd-sheik
2024-06-04 16:47:56,349  SUCCESS SUCCESShttps://soundcloud.com/sam-bddy
2024-06-04 16:47:56,349  SUCCESS SUCCESShttps://soundcloud.com/tomob-246121195
2024-06-04 16:47:56,349  SUCCESS SUCCESShttps://soundcloud.com/djalyssonb
2024-06-04 16:48:49,349  SUCCESS SUCCESShttps://soundcloud.com/c2rh
2024-06-04 16:48:49,358  SUCCESS SUCCESShttps://soundcloud.com/cminuss
2024-06-04 16:48:49,359  SUCCESS SUCCESShttps://soundcloud.com/blackkray
2024-06-04 16:48:49,359  SUCCESS SUCCESShttps://soundcloud.com/sam-moffat-723049082
2024-06-04 16:48:49,359  SUCCESS SUCCESShttps://soundcloud.com/lildankmanchungus
2024-06-04 16:48:49,360  SUCCESS SUCCESShttps://soundcloud.com/gremlife
2024-06-04 16:48:49,361  SUCCESS SUCCESShttps://soundcloud.com/mick2410
2024-06-04 16:48:49,361  SUCCESS SUCCESShttps://soundcloud.com/free-music-egypt
2024-06-04 16:48:49,362  SUCCESS SUCCESShttps://soundcloud.com/n4c
2024-06-04 16:48:49,362  SUCCESS SUCCESShttps://soundcloud.com/user-591568114
2024-06-04 16:48:49,363  SUCCESS SUCCESShttps://soundcloud.com/actuallygrimes
2024-06-04 16:48:49,364  SUCCESS SUCCESShttps://soundcloud.com/ca-hed-cobraz
2024-06-04 16:48:49,364  SUCCESS SUCCESShttps://soundcloud.com/user-200923271
2024-06-04 16:48:49,365  SUCCESS SUCCESShttps://soundcloud.com/a-m-c
2024-06-04 16:48:49,365  SUCCESS SUCCESShttps://soundcloud.com/djtrayc
2024-06-04 16:48:49,366  SUCCESS SUCCESShttps://soundcloud.com/bigceoormrc4
2024-06-04 16:48:49,366  SUCCESS SUCCESShttps://soundcloud.com/ckeyhouse99
2024-06-04 16:48:49,367  SUCCESS SUCCESShttps://soundcloud.com/ryan-cc
2024-06-04 16:48:49,367  SUCCESS SUCCESShttps://soundcloud.com/promogod519
2024-06-04 16:48:49,368  SUCCESS SUCCESShttps://soundcloud.com/andyc_ram
2024-06-04 16:48:49,368  SUCCESS SUCCESShttps://soundcloud.com/iambru
2024-06-04 16:48:49,368  SUCCESS SUCCESShttps://soundcloud.com/bicfizzle
2024-06-04 16:48:49,369  SUCCESS SUCCESShttps://soundcloud.com/o-j-c
2024-06-04 16:48:49,369  SUCCESS SUCCESShttps://soundcloud.com/initi8uk
2024-06-04 16:48:49,369  SUCCESS SUCCESShttps://soundcloud.com/steelcitydancediscs
2024-06-04 16:48:49,370  SUCCESS SUCCESShttps://soundcloud.com/1c34
2024-06-04 16:48:49,370  SUCCESS SUCCESShttps://soundcloud.com/cmllavishd
2024-06-04 16:48:49,370  SUCCESS SUCCESShttps://soundcloud.com/emza-c
2024-06-04 16:48:49,371  SUCCESS SUCCESShttps://soundcloud.com/djpatagonia
2024-06-04 16:48:49,371  SUCCESS SUCCESShttps://soundcloud.com/mikal-feen-x-dirtymike
2024-06-04 16:48:49,371  SUCCESS SUCCESShttps://soundcloud.com/konecs
2024-06-04 16:48:49,372  SUCCESS SUCCESShttps://soundcloud.com/ivour
2024-06-04 16:48:49,372  SUCCESS SUCCESShttps://soundcloud.com/max-chen
2024-06-04 16:48:49,373  SUCCESS SUCCESShttps://soundcloud.com/clifestyleclr
2024-06-04 16:48:49,373  SUCCESS SUCCESShttps://soundcloud.com/prodbyc100_2
2024-06-04 16:48:49,374  SUCCESS SUCCESShttps://soundcloud.com/sammysosa803
2024-06-04 16:48:49,374  SUCCESS SUCCESShttps://soundcloud.com/cristian-avendano-dj-2004
2024-06-04 16:48:49,375  SUCCESS SUCCESShttps://soundcloud.com/user-757336086
2024-06-04 16:48:49,375  SUCCESS SUCCESShttps://soundcloud.com/edj-doeracha-brt
2024-06-04 16:48:49,375  SUCCESS SUCCESShttps://soundcloud.com/davidvalenciamusic
2024-06-04 16:48:49,375  SUCCESS SUCCESShttps://soundcloud.com/mariobeckmandj
2024-06-04 16:48:49,376  SUCCESS SUCCESShttps://soundcloud.com/user-752588820
2024-06-04 16:48:49,376  SUCCESS SUCCESShttps://soundcloud.com/kevincbrowne
2024-06-04 16:48:49,376  SUCCESS SUCCESShttps://soundcloud.com/cstunnamusic
2024-06-04 16:48:49,376  SUCCESS SUCCESShttps://soundcloud.com/fraanchiisee
2024-06-04 16:48:49,377  SUCCESS SUCCESShttps://soundcloud.com/petxmr
2024-06-04 16:48:49,377  SUCCESS SUCCESShttps://soundcloud.com/sallycberlin
2024-06-04 16:48:49,377  SUCCESS SUCCESShttps://soundcloud.com/ez_1993
2024-06-04 16:48:49,378  SUCCESS SUCCESShttps://soundcloud.com/phace
2024-06-04 16:48:49,378  SUCCESS SUCCESShttps://soundcloud.com/caioket
2024-06-04 16:48:49,378  SUCCESS SUCCESShttps://soundcloud.com/noah-is-not-cool
2024-06-04 16:48:49,379  SUCCESS SUCCESShttps://soundcloud.com/kevin-buechner
2024-06-04 16:48:49,379  SUCCESS SUCCESShttps://soundcloud.com/ckan98
2024-06-04 16:48:49,379  SUCCESS SUCCESShttps://soundcloud.com/user-957273285-125709258
2024-06-04 16:48:49,379  SUCCESS SUCCESShttps://soundcloud.com/cas-casisdead
2024-06-04 16:48:49,380  SUCCESS SUCCESShttps://soundcloud.com/ck9c
2024-06-04 16:48:49,380  SUCCESS SUCCESShttps://soundcloud.com/c-o-s-a
2024-06-04 16:48:49,380  SUCCESS SUCCESShttps://soundcloud.com/sylvia-c-camacho
2024-06-04 16:48:49,381  SUCCESS SUCCESShttps://soundcloud.com/sk_musicofficiall
2024-06-04 16:48:49,381  SUCCESS SUCCESShttps://soundcloud.com/saiah_playa24
2024-06-04 16:48:49,382  SUCCESS SUCCESShttps://soundcloud.com/kippo
2024-06-04 16:48:49,382  SUCCESS SUCCESShttps://soundcloud.com/lilslimc
2024-06-04 16:48:49,383  SUCCESS SUCCESShttps://soundcloud.com/stanley-hottek
2024-06-04 16:48:49,383  SUCCESS SUCCESShttps://soundcloud.com/mystic_psytrance
2024-06-04 16:48:49,383  SUCCESS SUCCESShttps://soundcloud.com/crawdadsniper
2024-06-04 16:48:49,383  SUCCESS SUCCESShttps://soundcloud.com/ihearcanvas
2024-06-04 16:48:49,384  SUCCESS SUCCESShttps://soundcloud.com/dj-pl
2024-06-04 16:48:49,384  SUCCESS SUCCESShttps://soundcloud.com/ss3bby
2024-06-04 16:48:49,384  SUCCESS SUCCESShttps://soundcloud.com/audaddio
2024-06-04 16:48:49,385  SUCCESS SUCCESShttps://soundcloud.com/cheech-vitale
2024-06-04 16:48:49,385  SUCCESS SUCCESShttps://soundcloud.com/crudeberlin
2024-06-04 16:48:49,385  SUCCESS SUCCESShttps://soundcloud.com/cblu180
2024-06-04 16:48:49,386  SUCCESS SUCCESShttps://soundcloud.com/koccin
2024-06-04 16:48:49,386  SUCCESS SUCCESShttps://soundcloud.com/jmikec
2024-06-04 16:48:49,386  SUCCESS SUCCESShttps://soundcloud.com/tragicoffical
2024-06-04 16:48:49,386  SUCCESS SUCCESShttps://soundcloud.com/user-537240431
2024-06-04 16:48:49,387  SUCCESS SUCCESShttps://soundcloud.com/csickhouse
2024-06-04 16:48:49,387  SUCCESS SUCCESShttps://soundcloud.com/ctthegod-music
2024-06-04 16:48:49,387  SUCCESS SUCCESShttps://soundcloud.com/m19955
2024-06-04 16:48:49,388  SUCCESS SUCCESShttps://soundcloud.com/745118932
2024-06-04 16:48:49,388  SUCCESS SUCCESShttps://soundcloud.com/ryan-celsius
2024-06-04 16:48:49,388  SUCCESS SUCCESShttps://soundcloud.com/eyezic-music
2024-06-04 16:48:49,389  SUCCESS SUCCESShttps://soundcloud.com/villagersound
2024-06-04 16:48:49,389  SUCCESS SUCCESShttps://soundcloud.com/h-ng-ph-c-674422589
2024-06-04 16:48:49,389  SUCCESS SUCCESShttps://soundcloud.com/vivamusic
2024-06-04 16:48:49,390  SUCCESS SUCCESShttps://soundcloud.com/charles2d
2024-06-04 16:48:49,390  SUCCESS SUCCESShttps://soundcloud.com/franticnoise
2024-06-04 16:48:49,391  SUCCESS SUCCESShttps://soundcloud.com/jayelectronica
2024-06-04 16:48:49,392  SUCCESS SUCCESShttps://soundcloud.com/thesantos-1
2024-06-04 16:48:49,392  SUCCESS SUCCESShttps://soundcloud.com/wicked-c-741670894
2024-06-04 16:48:49,393  SUCCESS SUCCESShttps://soundcloud.com/clipp_art
2024-06-04 16:48:49,393  SUCCESS SUCCESShttps://soundcloud.com/lalionnn
2024-06-04 16:48:49,393  SUCCESS SUCCESShttps://soundcloud.com/cash-official
2024-06-04 16:48:49,394  SUCCESS SUCCESShttps://soundcloud.com/benyic03
2024-06-04 16:48:49,394  SUCCESS SUCCESShttps://soundcloud.com/fontainesdublin
2024-06-04 16:48:49,394  SUCCESS SUCCESShttps://soundcloud.com/c4pars
2024-06-04 16:48:49,394  SUCCESS SUCCESShttps://soundcloud.com/trancestrudel
2024-06-04 16:48:49,395  SUCCESS SUCCESShttps://soundcloud.com/ctangana
2024-06-04 16:48:49,395  SUCCESS SUCCESShttps://soundcloud.com/cwatly-music
2024-06-04 16:48:49,395  SUCCESS SUCCESShttps://soundcloud.com/djlb-do-st2
2024-06-04 16:48:49,395  SUCCESS SUCCESShttps://soundcloud.com/braydon-shimel-400055703
2024-06-04 16:48:49,396  SUCCESS SUCCESShttps://soundcloud.com/xdjneonx
2024-06-04 16:48:49,396  SUCCESS SUCCESShttps://soundcloud.com/dj-babatr
2024-06-04 16:48:49,396  SUCCESS SUCCESShttps://soundcloud.com/marxistramsi
2024-06-04 16:48:49,397  SUCCESS SUCCESShttps://soundcloud.com/mcvertt
2024-06-04 16:48:49,397  SUCCESS SUCCESShttps://soundcloud.com/scott-g-burton
2024-06-04 16:48:49,397  SUCCESS SUCCESShttps://soundcloud.com/sass-mackelo
2024-06-04 16:48:49,398  SUCCESS SUCCESShttps://soundcloud.com/splashmoblnf
2024-06-04 16:48:49,398  SUCCESS SUCCESShttps://soundcloud.com/seoulcommunityradio
2024-06-04 16:48:49,398  SUCCESS SUCCESShttps://soundcloud.com/cgambino-music
2024-06-04 16:48:49,399  SUCCESS SUCCESShttps://soundcloud.com/rhythmstormatkum
2024-06-04 16:48:49,399  SUCCESS SUCCESShttps://soundcloud.com/olemlanglie
2024-06-04 16:48:49,399  SUCCESS SUCCESShttps://soundcloud.com/bornforthegood
2024-06-04 16:48:49,399  SUCCESS SUCCESShttps://soundcloud.com/muh-syarif04
2024-06-04 16:48:49,400  SUCCESS SUCCESShttps://soundcloud.com/chieu98
2024-06-04 16:48:49,400  SUCCESS SUCCESShttps://soundcloud.com/user-166270916
2024-06-04 16:48:49,400  SUCCESS SUCCESShttps://soundcloud.com/sandy-rivera
2024-06-04 16:48:49,401  SUCCESS SUCCESShttps://soundcloud.com/raheem-devaughn
2024-06-04 16:48:49,401  SUCCESS SUCCESShttps://soundcloud.com/pete-rock-cl-smooth
2024-06-04 16:48:49,401  SUCCESS SUCCESShttps://soundcloud.com/cmurderofficial
2024-06-04 16:48:49,401  SUCCESS SUCCESShttps://soundcloud.com/casablancarecord
2024-06-04 16:48:49,402  SUCCESS SUCCESShttps://soundcloud.com/user1231989
2024-06-04 16:48:49,402  SUCCESS SUCCESShttps://soundcloud.com/djc777
2024-06-04 16:48:49,402  SUCCESS SUCCESShttps://soundcloud.com/derrick-johnson-745242904
2024-06-04 16:48:49,403  SUCCESS SUCCESShttps://soundcloud.com/chip2tuoi
2024-06-04 16:48:49,403  SUCCESS SUCCESShttps://soundcloud.com/amclaav
2024-06-04 16:48:49,403  SUCCESS SUCCESShttps://soundcloud.com/synapsentekk
2024-06-04 16:48:49,404  SUCCESS SUCCESShttps://soundcloud.com/zigisc
2024-06-04 16:48:49,404  SUCCESS SUCCESShttps://soundcloud.com/user-366929442
2024-06-04 16:48:49,404  SUCCESS SUCCESShttps://soundcloud.com/gaszia
2024-06-04 16:48:49,404  SUCCESS SUCCESShttps://soundcloud.com/deepdish
2024-06-04 16:48:49,405  SUCCESS SUCCESShttps://soundcloud.com/abm-tox1c
2024-06-04 16:48:49,405  SUCCESS SUCCESShttps://soundcloud.com/josue-c
2024-06-04 16:48:49,406  SUCCESS SUCCESShttps://soundcloud.com/s6c
2024-06-04 16:48:49,406  SUCCESS SUCCESShttps://soundcloud.com/c-trip
2024-06-04 16:48:49,407  SUCCESS SUCCESShttps://soundcloud.com/groovesbygusted
2024-06-04 16:48:49,407  SUCCESS SUCCESShttps://soundcloud.com/ph-tr-nh-ng-c
2024-06-04 16:48:49,407  SUCCESS SUCCESShttps://soundcloud.com/cblue-official
2024-06-04 16:48:49,407  SUCCESS SUCCESShttps://soundcloud.com/the-prophec
2024-06-04 16:48:49,410  SUCCESS SUCCESShttps://soundcloud.com/c-notes100
2024-06-04 16:48:49,410  SUCCESS SUCCESShttps://soundcloud.com/c-frim
2024-06-04 16:48:49,410  SUCCESS SUCCESShttps://soundcloud.com/c418
2024-06-04 16:48:49,411  SUCCESS SUCCESShttps://soundcloud.com/ugyen-c-thinley
2024-06-04 16:48:49,411  SUCCESS SUCCESShttps://soundcloud.com/kratoxtekk
2024-06-04 16:48:49,411  SUCCESS SUCCESShttps://soundcloud.com/c152synth
2024-06-04 16:48:49,411  SUCCESS SUCCESShttps://soundcloud.com/3p1c-h1d3r-music
2024-06-04 16:48:49,412  SUCCESS SUCCESShttps://soundcloud.com/yunglik1c-music
2024-06-04 16:48:49,412  SUCCESS SUCCESShttps://soundcloud.com/c8ppa
2024-06-04 16:48:49,412  SUCCESS SUCCESShttps://soundcloud.com/s4c-pwipwiz
2024-06-04 16:48:49,412  SUCCESS SUCCESShttps://soundcloud.com/kingx2c
2024-06-04 16:48:49,413  SUCCESS SUCCESShttps://soundcloud.com/babyg2c
2024-06-04 16:48:49,413  SUCCESS SUCCESShttps://soundcloud.com/pumpkin54
2024-06-04 16:48:49,413  SUCCESS SUCCESShttps://soundcloud.com/mfaltas-2c
2024-06-04 16:48:49,414  SUCCESS SUCCESShttps://soundcloud.com/hypexc00lkid
2024-06-04 16:48:49,414  SUCCESS SUCCESShttps://soundcloud.com/ig-m9
2024-06-04 16:48:49,414  SUCCESS SUCCESShttps://soundcloud.com/cause4concern-recordings
2024-06-04 16:48:49,414  SUCCESS SUCCESShttps://soundcloud.com/tdatseetinh
2024-06-04 16:48:49,414  SUCCESS SUCCESShttps://soundcloud.com/user-985522233
2024-06-04 16:48:49,414  SUCCESS SUCCESShttps://soundcloud.com/domi-zumann
2024-06-04 16:48:49,414  SUCCESS SUCCESShttps://soundcloud.com/user-52102579
2024-06-04 16:48:49,414  SUCCESS SUCCESShttps://soundcloud.com/chrislocked
2024-06-04 16:48:49,414  SUCCESS SUCCESShttps://soundcloud.com/locdro01
2024-06-04 16:48:49,414  SUCCESS SUCCESShttps://soundcloud.com/boss360
2024-06-04 16:48:49,414  SUCCESS SUCCESShttps://soundcloud.com/rowjaycob
2024-06-04 16:48:49,414  SUCCESS SUCCESShttps://soundcloud.com/cee2xyou
2024-06-04 16:48:49,414  SUCCESS SUCCESShttps://soundcloud.com/stiven-fuentes-876197961
2024-06-04 16:48:49,414  SUCCESS SUCCESShttps://soundcloud.com/djcosmickey
2024-06-04 16:48:49,414  SUCCESS SUCCESShttps://soundcloud.com/l3h1ch
2024-06-04 16:48:49,414  SUCCESS SUCCESShttps://soundcloud.com/classymsc
2024-06-04 16:48:49,414  SUCCESS SUCCESShttps://soundcloud.com/svave-unnofficial
2024-06-04 16:48:49,414  SUCCESS SUCCESShttps://soundcloud.com/togs391
2024-06-04 16:48:49,414  SUCCESS SUCCESShttps://soundcloud.com/eointc
2024-06-04 16:48:49,414  SUCCESS SUCCESShttps://soundcloud.com/jc27016
2024-06-04 16:48:49,414  SUCCESS SUCCESShttps://soundcloud.com/michael-moment-829472531
2024-06-04 16:48:49,414  SUCCESS SUCCESShttps://soundcloud.com/renegaderadiocamp
2024-06-04 16:48:49,420  SUCCESS SUCCESShttps://soundcloud.com/djmanocdas7
2024-06-04 16:48:49,420  SUCCESS SUCCESShttps://soundcloud.com/mrjac27
2024-06-04 16:48:49,420  SUCCESS SUCCESShttps://soundcloud.com/louis-chautems
2024-06-04 16:48:49,420  SUCCESS SUCCESShttps://soundcloud.com/djkeke97
2024-06-04 16:48:49,421  SUCCESS SUCCESShttps://soundcloud.com/qwikwitd
2024-06-04 16:48:49,421  SUCCESS SUCCESShttps://soundcloud.com/malo-hablar-385150802
2024-06-04 16:48:49,421  SUCCESS SUCCESShttps://soundcloud.com/tdjcdj-tarakan
2024-06-04 16:48:49,422  SUCCESS SUCCESShttps://soundcloud.com/user-910889094
2024-06-04 16:48:49,422  SUCCESS SUCCESShttps://soundcloud.com/ashleigh-cairns-590489581
2024-06-04 16:48:49,423  SUCCESS SUCCESShttps://soundcloud.com/geezyc-music
2024-06-04 16:48:49,423  SUCCESS SUCCESShttps://soundcloud.com/allstarepicc2123
2024-06-04 16:48:49,424  SUCCESS SUCCESShttps://soundcloud.com/user-279914200
2024-06-04 16:48:49,424  SUCCESS SUCCESShttps://soundcloud.com/uclapump
2024-06-04 16:48:49,425  SUCCESS SUCCESShttps://soundcloud.com/heavcontpr
2024-06-04 16:48:49,426  SUCCESS SUCCESShttps://soundcloud.com/centellaculiao
2024-06-04 16:48:49,426  SUCCESS SUCCESShttps://soundcloud.com/jlcsn
2024-06-04 16:48:49,426  SUCCESS SUCCESShttps://soundcloud.com/dj-walka
2024-06-04 16:48:49,426  SUCCESS SUCCESShttps://soundcloud.com/bye-hi-sigh-hawaii
2024-06-04 16:48:49,427  SUCCESS SUCCESShttps://soundcloud.com/saeedyounan
2024-06-04 16:48:49,427  SUCCESS SUCCESShttps://soundcloud.com/dyckom-pms
2024-06-04 16:48:49,427  SUCCESS SUCCESShttps://soundcloud.com/richardo-john-606087889
2024-06-04 16:48:49,428  SUCCESS SUCCESShttps://soundcloud.com/caio-oliveira-800
2024-06-04 16:48:49,428  SUCCESS SUCCESShttps://soundcloud.com/insteadof7
2024-06-04 16:48:49,428  SUCCESS SUCCESShttps://soundcloud.com/connercc
2024-06-04 16:48:49,429  SUCCESS SUCCESShttps://soundcloud.com/pimpcofficial
2024-06-04 16:48:49,430  SUCCESS SUCCESShttps://soundcloud.com/rian-nunes-freire
2024-06-04 16:48:49,430  SUCCESS SUCCESShttps://soundcloud.com/user-754140907
2024-06-04 16:48:49,430  SUCCESS SUCCESShttps://soundcloud.com/user-810935961
2024-06-04 16:48:49,431  SUCCESS SUCCESShttps://soundcloud.com/flym9neyc0untup
2024-06-04 16:48:49,431  SUCCESS SUCCESShttps://soundcloud.com/workshow
2024-06-04 16:48:49,431  SUCCESS SUCCESShttps://soundcloud.com/skyflay5
2024-06-04 16:48:49,432  SUCCESS SUCCESShttps://soundcloud.com/chay
2024-06-04 16:48:49,432  SUCCESS SUCCESShttps://soundcloud.com/white_fear
2024-06-04 16:48:49,432  SUCCESS SUCCESShttps://soundcloud.com/maria-anastasia-elisahbet
2024-06-04 16:48:49,432  SUCCESS SUCCESShttps://soundcloud.com/nea-saimon
2024-06-04 16:48:49,432  SUCCESS SUCCESShttps://soundcloud.com/catboy
2024-06-04 16:48:49,432  SUCCESS SUCCESShttps://soundcloud.com/bufl_mu_pr
2024-06-04 16:48:49,432  SUCCESS SUCCESShttps://soundcloud.com/camc-sc
2024-06-04 16:48:49,432  SUCCESS SUCCESShttps://soundcloud.com/user-61405062
2024-06-04 16:48:49,432  SUCCESS SUCCESShttps://soundcloud.com/corran-801869999
2024-06-04 16:48:49,432  SUCCESS SUCCESShttps://soundcloud.com/xxskay
2024-06-04 16:48:49,435  SUCCESS SUCCESShttps://soundcloud.com/abiodun-ameenah-735877463
2024-06-04 16:48:49,435  SUCCESS SUCCESShttps://soundcloud.com/crayvxn
2024-06-04 16:48:49,435  SUCCESS SUCCESShttps://soundcloud.com/michaelc-sc
2024-06-04 16:48:49,436  SUCCESS SUCCESShttps://soundcloud.com/ymnjc
2024-06-04 16:48:49,436  SUCCESS SUCCESShttps://soundcloud.com/cysme
2024-06-04 16:48:49,436  SUCCESS SUCCESShttps://soundcloud.com/noctelle
2024-06-04 16:48:49,436  SUCCESS SUCCESShttps://soundcloud.com/user-577637039
2024-06-04 16:48:49,437  SUCCESS SUCCESShttps://soundcloud.com/darlingc
2024-06-04 16:48:49,437  SUCCESS SUCCESShttps://soundcloud.com/caster_tekk
2024-06-04 16:48:49,437  SUCCESS SUCCESShttps://soundcloud.com/red_cartel_pr
2024-06-04 16:48:49,438  SUCCESS SUCCESShttps://soundcloud.com/joseph-chittick
2024-06-04 16:48:49,438  SUCCESS SUCCESShttps://soundcloud.com/bigc76010
2024-06-04 16:48:49,439  SUCCESS SUCCESShttps://soundcloud.com/jmikec-music
2024-06-04 16:48:49,439  SUCCESS SUCCESShttps://soundcloud.com/liza-xarchenko-863741676
2024-06-04 16:48:49,439  SUCCESS SUCCESShttps://soundcloud.com/phaychitoo-zxc
2024-06-04 16:48:49,440  SUCCESS SUCCESShttps://soundcloud.com/csspeedup
2024-06-04 16:48:49,441  SUCCESS SUCCESShttps://soundcloud.com/4sprinks
2024-06-04 16:48:49,441  SUCCESS SUCCESShttps://soundcloud.com/djcbrezzy
2024-06-04 16:48:49,442  SUCCESS SUCCESShttps://soundcloud.com/pador987
2024-06-04 16:48:49,442  SUCCESS SUCCESShttps://soundcloud.com/david-kgdo
2024-06-04 16:48:49,443  SUCCESS SUCCESShttps://soundcloud.com/niemandgabbadicts
2024-06-04 16:48:49,443  SUCCESS SUCCESShttps://soundcloud.com/leocuadradodj3
2024-06-04 16:48:49,443  SUCCESS SUCCESShttps://soundcloud.com/katy-beat
2024-06-04 16:48:49,444  SUCCESS SUCCESShttps://soundcloud.com/t-lee-164542249
2024-06-04 16:48:49,444  SUCCESS SUCCESShttps://soundcloud.com/edwin-correa-v
2024-06-04 16:48:49,444  SUCCESS SUCCESShttps://soundcloud.com/ninjasmart
2024-06-04 16:48:49,445  SUCCESS SUCCESShttps://soundcloud.com/tung-thanh-701849487
2024-06-04 16:48:49,445  SUCCESS SUCCESShttps://soundcloud.com/toxicmusicofficial
2024-06-04 16:48:49,445  SUCCESS SUCCESShttps://soundcloud.com/yungcasco-music
2024-06-04 16:48:49,446  SUCCESS SUCCESShttps://soundcloud.com/ctacks-music
2024-06-04 16:48:49,446  SUCCESS SUCCESShttps://soundcloud.com/music_madness_pr
2024-06-04 16:48:49,446  SUCCESS SUCCESShttps://soundcloud.com/djjoaodocorteoito
2024-06-04 16:48:49,446  SUCCESS SUCCESShttps://soundcloud.com/419oc
2024-06-04 16:48:49,446  SUCCESS SUCCESShttps://soundcloud.com/crakoclope
2024-06-04 16:48:49,446  SUCCESS SUCCESShttps://soundcloud.com/pappa-rich-685707458
2024-06-04 16:48:49,446  SUCCESS SUCCESShttps://soundcloud.com/cyungin
2024-06-04 16:48:49,446  SUCCESS SUCCESShttps://soundcloud.com/cdobleta-music
2024-06-04 16:48:49,446  SUCCESS SUCCESShttps://soundcloud.com/seniena-soulik
2024-06-04 16:48:49,446  SUCCESS SUCCESShttps://soundcloud.com/noctm
2024-06-04 16:48:49,446  SUCCESS SUCCESShttps://soundcloud.com/chaos2x
2024-06-04 16:48:49,446  SUCCESS SUCCESShttps://soundcloud.com/hicarchive
2024-06-04 16:48:49,446  SUCCESS SUCCESShttps://soundcloud.com/ctthegod-scmusic
2024-06-04 16:48:49,446  SUCCESS SUCCESShttps://soundcloud.com/andres-caro-238747638
2024-06-04 16:48:49,450  SUCCESS SUCCESShttps://soundcloud.com/jaydis-sejour
2024-06-04 16:48:49,450  SUCCESS SUCCESShttps://soundcloud.com/mahdi-khobestani
2024-06-04 16:48:49,450  SUCCESS SUCCESShttps://soundcloud.com/terrordo7bpm
2024-06-04 16:48:49,450  SUCCESS SUCCESShttps://soundcloud.com/goddayc
2024-06-04 16:48:49,451  SUCCESS SUCCESShttps://soundcloud.com/ociec
2024-06-04 16:48:49,451  SUCCESS SUCCESShttps://soundcloud.com/ksjbehbhuhbewu
2024-06-04 16:48:49,451  SUCCESS SUCCESShttps://soundcloud.com/harveeeeey
2024-06-04 16:48:49,451  SUCCESS SUCCESShttps://soundcloud.com/user-847004596
2024-06-04 16:48:49,452  SUCCESS SUCCESShttps://soundcloud.com/der-abfakker
2024-06-04 16:48:49,452  SUCCESS SUCCESShttps://soundcloud.com/alejandro-daza-dj
2024-06-04 16:48:49,452  SUCCESS SUCCESShttps://soundcloud.com/user-839985078
2024-06-04 16:48:49,453  SUCCESS SUCCESShttps://soundcloud.com/c678924
2024-06-04 16:48:49,453  SUCCESS SUCCESShttps://soundcloud.com/couvrexchefs
2024-06-04 16:48:49,453  SUCCESS SUCCESShttps://soundcloud.com/user-610013674
2024-06-04 16:48:49,453  SUCCESS SUCCESShttps://soundcloud.com/jay-elijah-437684879
2024-06-04 16:48:49,454  SUCCESS SUCCESShttps://soundcloud.com/djwill_c
2024-06-04 16:48:49,454  SUCCESS SUCCESShttps://soundcloud.com/cglizzyofficial
2024-06-04 16:48:49,454  SUCCESS SUCCESShttps://soundcloud.com/ditcstudios
2024-06-04 16:48:49,455  SUCCESS SUCCESShttps://soundcloud.com/lftng-up-the-mghty-fllen
2024-06-04 16:48:49,455  SUCCESS SUCCESShttps://soundcloud.com/michael-c-graley
2024-06-04 16:48:49,456  SUCCESS SUCCESShttps://soundcloud.com/c-moneymusic
2024-06-04 16:48:49,457  SUCCESS SUCCESShttps://soundcloud.com/c4pedro
2024-06-04 16:48:49,457  SUCCESS SUCCESShttps://soundcloud.com/badbrainsofficial
2024-06-04 16:48:49,458  SUCCESS SUCCESShttps://soundcloud.com/uandimusic
2024-06-04 16:48:49,458  SUCCESS SUCCESShttps://soundcloud.com/sharcsharc
2024-06-04 16:48:49,459  SUCCESS SUCCESShttps://soundcloud.com/emptystomach
2024-06-04 16:48:49,460  SUCCESS SUCCESShttps://soundcloud.com/user-553931240
2024-06-04 16:48:49,460  SUCCESS SUCCESShttps://soundcloud.com/c-s-331346855
2024-06-04 16:48:49,460  SUCCESS SUCCESShttps://soundcloud.com/gerald-c-e
2024-06-04 16:48:49,461  SUCCESS SUCCESShttps://soundcloud.com/bryson-c-968199542
2024-06-04 16:48:49,461  SUCCESS SUCCESShttps://soundcloud.com/c-j-33724604
2024-06-04 16:48:49,461  SUCCESS SUCCESShttps://soundcloud.com/christian-b-faure
2024-06-04 16:48:49,461  SUCCESS SUCCESShttps://soundcloud.com/ebit-live
2024-06-04 16:48:49,462  SUCCESS SUCCESShttps://soundcloud.com/clementmiranda264
2024-06-04 16:48:49,462  SUCCESS SUCCESShttps://soundcloud.com/unotheacivist
2024-06-04 16:48:49,462  SUCCESS SUCCESShttps://soundcloud.com/itslilc4
2024-06-04 16:48:49,463  SUCCESS SUCCESShttps://soundcloud.com/vladimir-vogt-736102638
2024-06-04 16:48:49,463  SUCCESS SUCCESShttps://soundcloud.com/alicia-garcia-reyes
2024-06-04 16:48:49,463  SUCCESS SUCCESShttps://soundcloud.com/cooper-derton
2024-06-04 16:48:49,463  SUCCESS SUCCESShttps://soundcloud.com/user-519471451
2024-06-04 16:48:49,464  SUCCESS SUCCESShttps://soundcloud.com/coreywhitejr18
2024-06-04 16:49:42,351  SUCCESS SUCCESShttps://soundcloud.com/mc4d_official
2024-06-04 16:49:42,351  SUCCESS SUCCESShttps://soundcloud.com/itsydg
2024-06-04 16:49:42,351  SUCCESS SUCCESShttps://soundcloud.com/d4vddd
2024-06-04 16:49:42,351  SUCCESS SUCCESShttps://soundcloud.com/jidsv
2024-06-04 16:49:42,351  SUCCESS SUCCESShttps://soundcloud.com/pontiacmadeddg
2024-06-04 16:49:42,354  SUCCESS SUCCESShttps://soundcloud.com/crankdatmusic
2024-06-04 16:49:42,354  SUCCESS SUCCESShttps://soundcloud.com/d-g-z-i-n
2024-06-04 16:49:42,354  SUCCESS SUCCESShttps://soundcloud.com/doddsz
2024-06-04 16:49:42,354  SUCCESS SUCCESShttps://soundcloud.com/gravityboys
2024-06-04 16:49:42,354  SUCCESS SUCCESShttps://soundcloud.com/hot8dmusic3
2024-06-04 16:49:42,354  SUCCESS SUCCESShttps://soundcloud.com/emici-gb-102579697
2024-06-04 16:49:42,357  SUCCESS SUCCESShttps://soundcloud.com/d3rcore
2024-06-04 16:49:42,358  SUCCESS SUCCESShttps://soundcloud.com/dblock_europe
2024-06-04 16:49:42,358  SUCCESS SUCCESShttps://soundcloud.com/hodabondok-music
2024-06-04 16:49:42,359  SUCCESS SUCCESShttps://soundcloud.com/beltersonly-21
2024-06-04 16:49:42,359  SUCCESS SUCCESShttps://soundcloud.com/jazzydublin
2024-06-04 16:49:42,359  SUCCESS SUCCESShttps://soundcloud.com/diggad-music
2024-06-04 16:49:42,360  SUCCESS SUCCESShttps://soundcloud.com/oficialmattd
2024-06-04 16:49:42,360  SUCCESS SUCCESShttps://soundcloud.com/dsavage3900
2024-06-04 16:49:42,361  SUCCESS SUCCESShttps://soundcloud.com/djnkdaserra
2024-06-04 16:49:42,361  SUCCESS SUCCESShttps://soundcloud.com/d-o-d
2024-06-04 16:49:42,362  SUCCESS SUCCESShttps://soundcloud.com/balesfo
2024-06-04 16:49:42,362  SUCCESS SUCCESShttps://soundcloud.com/9zggfeciem4j
2024-06-04 16:49:42,363  SUCCESS SUCCESShttps://soundcloud.com/knucks
2024-06-04 16:49:42,363  SUCCESS SUCCESShttps://soundcloud.com/goldlink
2024-06-04 16:49:42,363  SUCCESS SUCCESShttps://soundcloud.com/superduperkylemusic
2024-06-04 16:49:42,363  SUCCESS SUCCESShttps://soundcloud.com/eosdvida
2024-06-04 16:49:42,364  SUCCESS SUCCESShttps://soundcloud.com/coloktoto-vip
2024-06-04 16:49:42,364  SUCCESS SUCCESShttps://soundcloud.com/t-d-r-e-s
2024-06-04 16:49:42,364  SUCCESS SUCCESShttps://soundcloud.com/wearestudio
2024-06-04 16:49:42,365  SUCCESS SUCCESShttps://soundcloud.com/datatransmissiondnb
2024-06-04 16:49:42,365  SUCCESS SUCCESShttps://soundcloud.com/vu-th-nh-t
2024-06-04 16:49:42,365  SUCCESS SUCCESShttps://soundcloud.com/karl-d-770075749
2024-06-04 16:49:42,366  SUCCESS SUCCESShttps://soundcloud.com/king_d-506051055
2024-06-04 16:49:42,367  SUCCESS SUCCESShttps://soundcloud.com/cdmn-k12d
2024-06-04 16:49:42,367  SUCCESS SUCCESShttps://soundcloud.com/steelcitydancediscs
2024-06-04 16:49:42,367  SUCCESS SUCCESShttps://soundcloud.com/d12
2024-06-04 16:49:42,367  SUCCESS SUCCESShttps://soundcloud.com/kobalad
2024-06-04 16:49:42,368  SUCCESS SUCCESShttps://soundcloud.com/tenaciousd
2024-06-04 16:49:42,368  SUCCESS SUCCESShttps://soundcloud.com/djsupad
2024-06-04 16:49:42,368  SUCCESS SUCCESShttps://soundcloud.com/8dsongs
2024-06-04 16:49:42,368  SUCCESS SUCCESShttps://soundcloud.com/soulmasstransitsystem
2024-06-04 16:49:42,368  SUCCESS SUCCESShttps://soundcloud.com/djrandofficial
2024-06-04 16:49:42,368  SUCCESS SUCCESShttps://soundcloud.com/jvlad4395
2024-06-04 16:49:42,368  SUCCESS SUCCESShttps://soundcloud.com/m-h-m-237225804
2024-06-04 16:49:42,370  SUCCESS SUCCESShttps://soundcloud.com/rogerdcross
2024-06-04 16:49:42,370  SUCCESS SUCCESShttps://soundcloud.com/bloodorange
2024-06-04 16:49:42,371  SUCCESS SUCCESShttps://soundcloud.com/heavydchromatic
2024-06-04 16:49:42,372  SUCCESS SUCCESShttps://soundcloud.com/logand1983
2024-06-04 16:49:42,372  SUCCESS SUCCESShttps://soundcloud.com/officialdsturb
2024-06-04 16:49:42,372  SUCCESS SUCCESShttps://soundcloud.com/d-nox_official
2024-06-04 16:49:42,373  SUCCESS SUCCESShttps://soundcloud.com/hot8dmusic2
2024-06-04 16:49:42,373  SUCCESS SUCCESShttps://soundcloud.com/dirantechzone_zip
2024-06-04 16:49:42,373  SUCCESS SUCCESShttps://soundcloud.com/jdcurry
2024-06-04 16:49:42,374  SUCCESS SUCCESShttps://soundcloud.com/5dmusicfest
2024-06-04 16:49:42,374  SUCCESS SUCCESShttps://soundcloud.com/cristian-avendano-dj-2004
2024-06-04 16:49:42,374  SUCCESS SUCCESShttps://soundcloud.com/crush_3d
2024-06-04 16:49:42,374  SUCCESS SUCCESShttps://soundcloud.com/joko4d-terbaik588
2024-06-04 16:49:42,375  SUCCESS SUCCESShttps://soundcloud.com/davidvalenciamusic
2024-06-04 16:49:42,375  SUCCESS SUCCESShttps://soundcloud.com/i_d_magazine
2024-06-04 16:49:42,375  SUCCESS SUCCESShttps://soundcloud.com/move-d
2024-06-04 16:49:42,375  SUCCESS SUCCESShttps://soundcloud.com/helena-hauff
2024-06-04 16:49:42,376  SUCCESS SUCCESShttps://soundcloud.com/djdotcom1876
2024-06-04 16:49:42,376  SUCCESS SUCCESShttps://soundcloud.com/ddan-sounds
2024-06-04 16:49:42,376  SUCCESS SUCCESShttps://soundcloud.com/melchiordy
2024-06-04 16:49:42,376  SUCCESS SUCCESShttps://soundcloud.com/jigme-namgyel
2024-06-04 16:49:42,376  SUCCESS SUCCESShttps://soundcloud.com/geomcd
2024-06-04 16:49:42,376  SUCCESS SUCCESShttps://soundcloud.com/od-composer
2024-06-04 16:49:42,376  SUCCESS SUCCESShttps://soundcloud.com/dayana-darkpsy-love
2024-06-04 16:49:42,376  SUCCESS SUCCESShttps://soundcloud.com/dave-the-drummer
2024-06-04 16:49:42,376  SUCCESS SUCCESShttps://soundcloud.com/alice-d-records-eu
2024-06-04 16:49:42,376  SUCCESS SUCCESShttps://soundcloud.com/sanriorose
2024-06-04 16:49:42,376  SUCCESS SUCCESShttps://soundcloud.com/bloquedefuego
2024-06-04 16:49:42,376  SUCCESS SUCCESShttps://soundcloud.com/djdtr
2024-06-04 16:49:42,376  SUCCESS SUCCESShttps://soundcloud.com/headband-andy
2024-06-04 16:49:42,376  SUCCESS SUCCESShttps://soundcloud.com/epicurecreate
2024-06-04 16:49:42,376  SUCCESS SUCCESShttps://soundcloud.com/erikferwerda
2024-06-04 16:49:42,376  SUCCESS SUCCESShttps://soundcloud.com/o-shine
2024-06-04 16:49:42,376  SUCCESS SUCCESShttps://soundcloud.com/dkoxy
2024-06-04 16:49:42,376  SUCCESS SUCCESShttps://soundcloud.com/fontainesdublin
2024-06-04 16:49:42,376  SUCCESS SUCCESShttps://soundcloud.com/iamdsides
2024-06-04 16:49:42,382  SUCCESS SUCCESShttps://soundcloud.com/douglas-monteiro-731421889
2024-06-04 16:49:42,382  SUCCESS SUCCESShttps://soundcloud.com/kendyou
2024-06-04 16:49:42,382  SUCCESS SUCCESShttps://soundcloud.com/fidmusicofficial
2024-06-04 16:49:42,382  SUCCESS SUCCESShttps://soundcloud.com/wjood-112908331
2024-06-04 16:49:42,383  SUCCESS SUCCESShttps://soundcloud.com/dbstf
2024-06-04 16:49:42,383  SUCCESS SUCCESShttps://soundcloud.com/knowledge7d
2024-06-04 16:49:42,383  SUCCESS SUCCESShttps://soundcloud.com/user-957273285-125709258
2024-06-04 16:49:42,384  SUCCESS SUCCESShttps://soundcloud.com/d4d4nce
2024-06-04 16:49:42,384  SUCCESS SUCCESShttps://soundcloud.com/d4rknessofficial
2024-06-04 16:49:42,384  SUCCESS SUCCESShttps://soundcloud.com/d-silvestre
2024-06-04 16:49:42,384  SUCCESS SUCCESShttps://soundcloud.com/dj-dizzy-d-4
2024-06-04 16:49:42,385  SUCCESS SUCCESShttps://soundcloud.com/d-harry-222931145
2024-06-04 16:49:42,385  SUCCESS SUCCESShttps://soundcloud.com/d-formation
2024-06-04 16:49:42,385  SUCCESS SUCCESShttps://soundcloud.com/eugenio-bass-d-dorwart
2024-06-04 16:49:42,385  SUCCESS SUCCESShttps://soundcloud.com/2d-dakelson
2024-06-04 16:49:42,386  SUCCESS SUCCESShttps://soundcloud.com/makeadance
2024-06-04 16:49:42,386  SUCCESS SUCCESShttps://soundcloud.com/nando-duarte-704169606
2024-06-04 16:49:42,386  SUCCESS SUCCESShttps://soundcloud.com/user-526986609-551265659
2024-06-04 16:49:42,387  SUCCESS SUCCESShttps://soundcloud.com/david_sanya
2024-06-04 16:49:42,387  SUCCESS SUCCESShttps://soundcloud.com/charles2d
2024-06-04 16:49:42,388  SUCCESS SUCCESShttps://soundcloud.com/flava_d
2024-06-04 16:49:42,388  SUCCESS SUCCESShttps://soundcloud.com/detroit_trap_music
2024-06-04 16:49:42,389  SUCCESS SUCCESShttps://soundcloud.com/crawdadsniper
2024-06-04 16:49:42,389  SUCCESS SUCCESShttps://soundcloud.com/elena-anastasiou-gkouma
2024-06-04 16:49:42,389  SUCCESS SUCCESShttps://soundcloud.com/sp1ashhh
2024-06-04 16:49:42,389  SUCCESS SUCCESShttps://soundcloud.com/adrienmusicro
2024-06-04 16:49:42,389  SUCCESS SUCCESShttps://soundcloud.com/davr-live
2024-06-04 16:49:42,389  SUCCESS SUCCESShttps://soundcloud.com/ahmed-gamal-2983
2024-06-04 16:49:42,389  SUCCESS SUCCESShttps://soundcloud.com/entry-tisa
2024-06-04 16:49:42,389  SUCCESS SUCCESShttps://soundcloud.com/p-o-d
2024-06-04 16:49:42,392  SUCCESS SUCCESShttps://soundcloud.com/the_endless_knot
2024-06-04 16:49:42,392  SUCCESS SUCCESShttps://soundcloud.com/ahmad_ald5eel
2024-06-04 16:49:42,392  SUCCESS SUCCESShttps://soundcloud.com/dying2night
2024-06-04 16:49:42,392  SUCCESS SUCCESShttps://soundcloud.com/daniel-prince-370346150
2024-06-04 16:49:42,393  SUCCESS SUCCESShttps://soundcloud.com/dj-miked
2024-06-04 16:49:42,393  SUCCESS SUCCESShttps://soundcloud.com/michele-daltoe-1
2024-06-04 16:49:42,393  SUCCESS SUCCESShttps://soundcloud.com/joshua-jesuovie
2024-06-04 16:49:42,393  SUCCESS SUCCESShttps://soundcloud.com/kobiedee47
2024-06-04 16:49:42,394  SUCCESS SUCCESShttps://soundcloud.com/only1_mdm
2024-06-04 16:49:42,394  SUCCESS SUCCESShttps://soundcloud.com/dj_andara
2024-06-04 16:49:42,394  SUCCESS SUCCESShttps://soundcloud.com/aktionmusico
2024-06-04 16:49:42,395  SUCCESS SUCCESShttps://soundcloud.com/iann-reed-326608540
2024-06-04 16:49:42,395  SUCCESS SUCCESShttps://soundcloud.com/darian-oan
2024-06-04 16:49:42,395  SUCCESS SUCCESShttps://soundcloud.com/dfencenl
2024-06-04 16:49:42,395  SUCCESS SUCCESShttps://soundcloud.com/david-hernandez-595
2024-06-04 16:49:42,396  SUCCESS SUCCESShttps://soundcloud.com/745118932
2024-06-04 16:49:42,396  SUCCESS SUCCESShttps://soundcloud.com/samuel-scott-280570698
2024-06-04 16:49:42,396  SUCCESS SUCCESShttps://soundcloud.com/hossam-diabian
2024-06-04 16:49:42,397  SUCCESS SUCCESShttps://soundcloud.com/djluandosd2
2024-06-04 16:49:42,397  SUCCESS SUCCESShttps://soundcloud.com/warind
2024-06-04 16:49:42,397  SUCCESS SUCCESShttps://soundcloud.com/eyezic-music
2024-06-04 16:49:42,397  SUCCESS SUCCESShttps://soundcloud.com/dfideliz
2024-06-04 16:49:42,397  SUCCESS SUCCESShttps://soundcloud.com/dkthepunisher
2024-06-04 16:49:42,397  SUCCESS SUCCESShttps://soundcloud.com/villagersound
2024-06-04 16:49:42,397  SUCCESS SUCCESShttps://soundcloud.com/nerd
2024-06-04 16:49:42,397  SUCCESS SUCCESShttps://soundcloud.com/teamkad
2024-06-04 16:49:42,397  SUCCESS SUCCESShttps://soundcloud.com/r5d-pu1se
2024-06-04 16:49:42,397  SUCCESS SUCCESShttps://soundcloud.com/mysteryskulls
2024-06-04 16:49:42,397  SUCCESS SUCCESShttps://soundcloud.com/dj-ka-d
2024-06-04 16:49:42,397  SUCCESS SUCCESShttps://soundcloud.com/user281981355-joe-d
2024-06-04 16:49:42,397  SUCCESS SUCCESShttps://soundcloud.com/aceg0d
2024-06-04 16:49:42,397  SUCCESS SUCCESShttps://soundcloud.com/d3ad-scythe
2024-06-04 16:49:42,397  SUCCESS SUCCESShttps://soundcloud.com/edxmusic
2024-06-04 16:49:42,397  SUCCESS SUCCESShttps://soundcloud.com/dl_beats
2024-06-04 16:49:42,397  SUCCESS SUCCESShttps://soundcloud.com/d-n-r-449927375
2024-06-04 16:49:42,402  SUCCESS SUCCESShttps://soundcloud.com/4d4mofficial
2024-06-04 16:49:42,402  SUCCESS SUCCESShttps://soundcloud.com/vc-d
2024-06-04 16:49:42,402  SUCCESS SUCCESShttps://soundcloud.com/soicyjiddy
2024-06-04 16:49:42,403  SUCCESS SUCCESShttps://soundcloud.com/marcelo-peixoto
2024-06-04 16:49:42,403  SUCCESS SUCCESShttps://soundcloud.com/d-singer-official
2024-06-04 16:49:42,403  SUCCESS SUCCESShttps://soundcloud.com/sleepd
2024-06-04 16:49:42,403  SUCCESS SUCCESShttps://soundcloud.com/d4lmusic
2024-06-04 16:49:42,404  SUCCESS SUCCESShttps://soundcloud.com/black-d_official
2024-06-04 16:49:42,404  SUCCESS SUCCESShttps://soundcloud.com/staytondeviant
2024-06-04 16:49:42,405  SUCCESS SUCCESShttps://soundcloud.com/dj-phunk-d
2024-06-04 16:49:42,405  SUCCESS SUCCESShttps://soundcloud.com/jazamusic
2024-06-04 16:49:42,405  SUCCESS SUCCESShttps://soundcloud.com/blvck-ceiling
2024-06-04 16:49:42,406  SUCCESS SUCCESShttps://soundcloud.com/producerdazh
2024-06-04 16:49:42,406  SUCCESS SUCCESShttps://soundcloud.com/s4aud
2024-06-04 16:49:42,407  SUCCESS SUCCESShttps://soundcloud.com/user-41452822
2024-06-04 16:49:42,407  SUCCESS SUCCESShttps://soundcloud.com/dbridge_exitrecords
2024-06-04 16:49:42,407  SUCCESS SUCCESShttps://soundcloud.com/xrnzffoeeiv6
2024-06-04 16:49:42,408  SUCCESS SUCCESShttps://soundcloud.com/user-834624394
2024-06-04 16:49:42,408  SUCCESS SUCCESShttps://soundcloud.com/carpe_deon
2024-06-04 16:49:42,408  SUCCESS SUCCESShttps://soundcloud.com/dskip-music
2024-06-04 16:49:42,409  SUCCESS SUCCESShttps://soundcloud.com/dung205
2024-06-04 16:49:42,409  SUCCESS SUCCESShttps://soundcloud.com/l19u1d
2024-06-04 16:49:42,409  SUCCESS SUCCESShttps://soundcloud.com/seamusdmusic
2024-06-04 16:49:42,409  SUCCESS SUCCESShttps://soundcloud.com/dozioficial
2024-06-04 16:49:42,410  SUCCESS SUCCESShttps://soundcloud.com/whoskid
2024-06-04 16:49:42,410  SUCCESS SUCCESShttps://soundcloud.com/andmusik
2024-06-04 16:49:42,410  SUCCESS SUCCESShttps://soundcloud.com/dscholl-music
2024-06-04 16:49:42,410  SUCCESS SUCCESShttps://soundcloud.com/philly-goat-dyce
2024-06-04 16:49:42,411  SUCCESS SUCCESShttps://soundcloud.com/erickdie
2024-06-04 16:49:42,411  SUCCESS SUCCESShttps://soundcloud.com/d-e-m-706122122
2024-06-04 16:49:42,411  SUCCESS SUCCESShttps://soundcloud.com/budda-king
2024-06-04 16:49:42,412  SUCCESS SUCCESShttps://soundcloud.com/dfrek
2024-06-04 16:49:42,412  SUCCESS SUCCESShttps://soundcloud.com/iamnicd
2024-06-04 16:49:42,412  SUCCESS SUCCESShttps://soundcloud.com/djmegan666
2024-06-04 16:49:42,412  SUCCESS SUCCESShttps://soundcloud.com/reecemc92
2024-06-04 16:49:42,413  SUCCESS SUCCESShttps://soundcloud.com/d3kozmopolitan
2024-06-04 16:49:42,413  SUCCESS SUCCESShttps://soundcloud.com/exxto
2024-06-04 16:49:42,413  SUCCESS SUCCESShttps://soundcloud.com/dsmoke7
2024-06-04 16:49:42,414  SUCCESS SUCCESShttps://soundcloud.com/rindiani-rindi-498341267
2024-06-04 16:49:42,414  SUCCESS SUCCESShttps://soundcloud.com/djgordaodomt4
2024-06-04 16:49:42,414  SUCCESS SUCCESShttps://soundcloud.com/evie1221
2024-06-04 16:49:42,414  SUCCESS SUCCESShttps://soundcloud.com/defondamantal
2024-06-04 16:49:42,415  SUCCESS SUCCESShttps://soundcloud.com/raheem-devaughn
2024-06-04 16:49:42,415  SUCCESS SUCCESShttps://soundcloud.com/ynfnd
2024-06-04 16:49:42,415  SUCCESS SUCCESShttps://soundcloud.com/signumofficial
2024-06-04 16:49:42,416  SUCCESS SUCCESShttps://soundcloud.com/t-i
2024-06-04 16:49:42,416  SUCCESS SUCCESShttps://soundcloud.com/style-869662646
2024-06-04 16:49:42,416  SUCCESS SUCCESShttps://soundcloud.com/radobif204
2024-06-04 16:49:42,416  SUCCESS SUCCESShttps://soundcloud.com/adhsofficial
2024-06-04 16:49:42,417  SUCCESS SUCCESShttps://soundcloud.com/dirolevents
2024-06-04 16:49:42,417  SUCCESS SUCCESShttps://soundcloud.com/junior-olson-282827552
2024-06-04 16:49:42,417  SUCCESS SUCCESShttps://soundcloud.com/user-166270916
2024-06-04 16:49:42,418  SUCCESS SUCCESShttps://soundcloud.com/dj-saguaro
2024-06-04 16:49:42,418  SUCCESS SUCCESShttps://soundcloud.com/8d_audio
2024-06-04 16:49:42,418  SUCCESS SUCCESShttps://soundcloud.com/d-woodrow
2024-06-04 16:49:42,418  SUCCESS SUCCESShttps://soundcloud.com/emiliolotnivo
2024-06-04 16:49:42,419  SUCCESS SUCCESShttps://soundcloud.com/afandena9
2024-06-04 16:49:42,419  SUCCESS SUCCESShttps://soundcloud.com/user-906683519
2024-06-04 16:49:42,419  SUCCESS SUCCESShttps://soundcloud.com/hpshawty
2024-06-04 16:49:42,419  SUCCESS SUCCESShttps://soundcloud.com/dnp-techno
2024-06-04 16:49:42,420  SUCCESS SUCCESShttps://soundcloud.com/bentuk4d-official
2024-06-04 16:49:42,420  SUCCESS SUCCESShttps://soundcloud.com/obenmusik
2024-06-04 16:49:42,421  SUCCESS SUCCESShttps://soundcloud.com/nikisadeki
2024-06-04 16:49:42,421  SUCCESS SUCCESShttps://soundcloud.com/user-828466828
2024-06-04 16:49:42,422  SUCCESS SUCCESShttps://soundcloud.com/ahmed-elgarhy-11
2024-06-04 16:49:42,422  SUCCESS SUCCESShttps://soundcloud.com/derrick-johnson-745242904
2024-06-04 16:49:42,423  SUCCESS SUCCESShttps://soundcloud.com/jeem-yosuo
2024-06-04 16:49:42,423  SUCCESS SUCCESShttps://soundcloud.com/b-o-d-star
2024-06-04 16:49:42,423  SUCCESS SUCCESShttps://soundcloud.com/cdmusic
2024-06-04 16:49:42,424  SUCCESS SUCCESShttps://soundcloud.com/synapsentekk
2024-06-04 16:49:42,424  SUCCESS SUCCESShttps://soundcloud.com/briansambo1
2024-06-04 16:49:42,424  SUCCESS SUCCESShttps://soundcloud.com/deepdish
2024-06-04 16:49:42,424  SUCCESS SUCCESShttps://soundcloud.com/iloveallmydogs
2024-06-04 16:49:42,425  SUCCESS SUCCESShttps://soundcloud.com/dblue_official
2024-06-04 16:49:42,425  SUCCESS SUCCESShttps://soundcloud.com/stemacmusic
2024-06-04 16:49:42,425  SUCCESS SUCCESShttps://soundcloud.com/dj-amber-d
2024-06-04 16:49:42,425  SUCCESS SUCCESShttps://soundcloud.com/harleyd
2024-06-04 16:49:42,426  SUCCESS SUCCESShttps://soundcloud.com/d8kwan1
2024-06-04 16:49:42,426  SUCCESS SUCCESShttps://soundcloud.com/dj-damarawi-1
2024-06-04 16:49:42,426  SUCCESS SUCCESShttps://soundcloud.com/lekidmusic
2024-06-04 16:49:42,427  SUCCESS SUCCESShttps://soundcloud.com/moonpunk5
2024-06-04 16:49:42,427  SUCCESS SUCCESShttps://soundcloud.com/8talinwya
2024-06-04 16:49:42,428  SUCCESS SUCCESShttps://soundcloud.com/adam-chellah
2024-06-04 16:49:42,428  SUCCESS SUCCESShttps://soundcloud.com/dtube-640101253
2024-06-04 16:49:42,428  SUCCESS SUCCESShttps://soundcloud.com/groovesbygusted
2024-06-04 16:49:42,429  SUCCESS SUCCESShttps://soundcloud.com/clubsp33d
2024-06-04 16:49:42,429  SUCCESS SUCCESShttps://soundcloud.com/lucy-d-t
2024-06-04 16:49:42,429  SUCCESS SUCCESShttps://soundcloud.com/d-rainmusic
2024-06-04 16:49:42,430  SUCCESS SUCCESShttps://soundcloud.com/n1v3d
2024-06-04 16:49:42,430  SUCCESS SUCCESShttps://soundcloud.com/alice-d-records
2024-06-04 16:49:42,430  SUCCESS SUCCESShttps://soundcloud.com/d-los-finessking
2024-06-04 16:49:42,431  SUCCESS SUCCESShttps://soundcloud.com/d-one-pms
2024-06-04 16:49:42,431  SUCCESS SUCCESShttps://soundcloud.com/d-leria
2024-06-04 16:49:42,432  SUCCESS SUCCESShttps://soundcloud.com/d37il
2024-06-04 16:49:42,432  SUCCESS SUCCESShttps://soundcloud.com/alex-vaughn-music
2024-06-04 16:49:42,432  SUCCESS SUCCESShttps://soundcloud.com/d-tiffany
2024-06-04 16:49:42,432  SUCCESS SUCCESShttps://soundcloud.com/d_stonemusic
2024-06-04 16:49:42,433  SUCCESS SUCCESShttps://soundcloud.com/ronald3d
2024-06-04 16:49:42,433  SUCCESS SUCCESShttps://soundcloud.com/vinithek1d
2024-06-04 16:49:42,433  SUCCESS SUCCESShttps://soundcloud.com/donkerz3d
2024-06-04 16:49:42,434  SUCCESS SUCCESShttps://soundcloud.com/veda_ray
2024-06-04 16:49:42,434  SUCCESS SUCCESShttps://soundcloud.com/xavii6
2024-06-04 16:49:42,434  SUCCESS SUCCESShttps://soundcloud.com/user-666834791
2024-06-04 16:49:42,434  SUCCESS SUCCESShttps://soundcloud.com/rightdbeatz
2024-06-04 16:49:42,435  SUCCESS SUCCESShttps://soundcloud.com/user-332469796
2024-06-04 16:49:42,435  SUCCESS SUCCESShttps://soundcloud.com/user-117825383
2024-06-04 16:49:42,435  SUCCESS SUCCESShttps://soundcloud.com/a7md7star
2024-06-04 16:49:42,436  SUCCESS SUCCESShttps://soundcloud.com/mohamed-zika-144136918
2024-06-04 16:49:42,436  SUCCESS SUCCESShttps://soundcloud.com/d-ng-tr-ng-h-ng-730528916
2024-06-04 16:49:42,438  SUCCESS SUCCESShttps://soundcloud.com/d4piza
2024-06-04 16:49:42,438  SUCCESS SUCCESShttps://soundcloud.com/alpscore
2024-06-04 16:49:42,438  SUCCESS SUCCESShttps://soundcloud.com/d-fresh-music
2024-06-04 16:49:42,438  SUCCESS SUCCESShttps://soundcloud.com/d03boyrarri
2024-06-04 16:49:42,438  SUCCESS SUCCESShttps://soundcloud.com/d-o-365673853
2024-06-04 16:49:42,439  SUCCESS SUCCESShttps://soundcloud.com/sami-d-techno
2024-06-04 16:49:42,439  SUCCESS SUCCESShttps://soundcloud.com/m-a-n-d-y
2024-06-04 16:49:42,440  SUCCESS SUCCESShttps://soundcloud.com/ghost_data
2024-06-04 16:49:42,440  SUCCESS SUCCESShttps://soundcloud.com/joey-d-73580558
2024-06-04 16:49:42,440  SUCCESS SUCCESShttps://soundcloud.com/dzbrecords
2024-06-04 16:49:42,441  SUCCESS SUCCESShttps://soundcloud.com/dopedod
2024-06-04 16:49:42,441  SUCCESS SUCCESShttps://soundcloud.com/dstackzsupreme
2024-06-04 16:49:42,441  SUCCESS SUCCESShttps://soundcloud.com/d-richofficial
2024-06-04 16:49:42,441  SUCCESS SUCCESShttps://soundcloud.com/dustin-d-city-howard
2024-06-04 16:49:42,442  SUCCESS SUCCESShttps://soundcloud.com/d-millz-music
2024-06-04 16:49:42,442  SUCCESS SUCCESShttps://soundcloud.com/toy-d-koaru
2024-06-04 16:49:42,442  SUCCESS SUCCESShttps://soundcloud.com/d2s1_music
2024-06-04 16:49:42,443  SUCCESS SUCCESShttps://soundcloud.com/worldw1d3gft
2024-06-04 16:49:42,443  SUCCESS SUCCESShttps://soundcloud.com/fr3d0-music
2024-06-04 16:49:42,443  SUCCESS SUCCESShttps://soundcloud.com/jm7d
2024-06-04 16:49:42,443  SUCCESS SUCCESShttps://soundcloud.com/3p1c-h1d3r-music
2024-06-04 16:49:42,444  SUCCESS SUCCESShttps://soundcloud.com/rp-d-music
2024-06-04 16:49:42,444  SUCCESS SUCCESShttps://soundcloud.com/d2x-scmusic
2024-06-04 16:49:42,444  SUCCESS SUCCESShttps://soundcloud.com/d4our
2024-06-04 16:49:42,445  SUCCESS SUCCESShttps://soundcloud.com/d3rr
2024-06-04 16:49:42,445  SUCCESS SUCCESShttps://soundcloud.com/d-stonej
2024-06-04 16:49:42,445  SUCCESS SUCCESShttps://soundcloud.com/d3noo
2024-06-04 16:49:42,445  SUCCESS SUCCESShttps://soundcloud.com/yair-yint-aung-y-i-d
2024-06-04 16:49:42,446  SUCCESS SUCCESShttps://soundcloud.com/d3nai-music
2024-06-04 16:49:42,447  SUCCESS SUCCESShttps://soundcloud.com/not_v1v1d
2024-06-04 16:49:42,447  SUCCESS SUCCESShttps://soundcloud.com/audiosyntax
2024-06-04 16:49:42,447  SUCCESS SUCCESShttps://soundcloud.com/dj-marcelo-d12
2024-06-04 16:49:42,447  SUCCESS SUCCESShttps://soundcloud.com/produtordj2d
2024-06-04 16:49:42,448  SUCCESS SUCCESShttps://soundcloud.com/eazy-d-676085523
2024-06-04 16:49:42,448  SUCCESS SUCCESShttps://soundcloud.com/madk1d-sc
2024-06-04 16:49:42,448  SUCCESS SUCCESShttps://soundcloud.com/d23-dojezdsoundsystem
2024-06-04 16:49:42,448  SUCCESS SUCCESShttps://soundcloud.com/d1eme-331581293
2024-06-04 16:49:42,449  SUCCESS SUCCESShttps://soundcloud.com/d-j-jay
2024-06-04 16:49:42,449  SUCCESS SUCCESShttps://soundcloud.com/deenestechno
2024-06-04 16:49:42,449  SUCCESS SUCCESShttps://soundcloud.com/aaron-elxd
2024-06-04 16:49:42,450  SUCCESS SUCCESShttps://soundcloud.com/joe-vanditti
2024-06-04 16:49:42,450  SUCCESS SUCCESShttps://soundcloud.com/ig-m9
2024-06-04 16:49:42,450  SUCCESS SUCCESShttps://soundcloud.com/d1gitalritual
2024-06-04 16:49:42,450  SUCCESS SUCCESShttps://soundcloud.com/theofficialdjhsd
2024-06-04 16:49:42,451  SUCCESS SUCCESShttps://soundcloud.com/michael-david-313074159
2024-06-04 16:50:35,556  SUCCESS SUCCESShttps://soundcloud.com/domdolla
2024-06-04 16:50:35,557  SUCCESS SUCCESShttps://soundcloud.com/eazy-e-official
2024-06-04 16:50:35,558  SUCCESS SUCCESShttps://soundcloud.com/blue59742
2024-06-04 16:50:35,558  SUCCESS SUCCESShttps://soundcloud.com/novidadesdorapefunk
2024-06-04 16:50:35,559  SUCCESS SUCCESShttps://soundcloud.com/federico-maniscalco1988
2024-06-04 16:50:35,560  SUCCESS SUCCESShttps://soundcloud.com/babyfxceemusic
2024-06-04 16:50:35,560  SUCCESS SUCCESShttps://soundcloud.com/volumeunitmusic
2024-06-04 16:50:35,560  SUCCESS SUCCESShttps://soundcloud.com/iamhermusic
2024-06-04 16:50:35,561  SUCCESS SUCCESShttps://soundcloud.com/dj-wolf-e
2024-06-04 16:50:35,561  SUCCESS SUCCESShttps://soundcloud.com/shorelinemafia
2024-06-04 16:50:35,562  SUCCESS SUCCESShttps://soundcloud.com/1mahyar
2024-06-04 16:50:35,562  SUCCESS SUCCESShttps://soundcloud.com/funkexploderecords
2024-06-04 16:50:35,563  SUCCESS SUCCESShttps://soundcloud.com/dejota-wesley-gonzaga
2024-06-04 16:50:35,563  SUCCESS SUCCESShttps://soundcloud.com/e40
2024-06-04 16:50:35,563  SUCCESS SUCCESShttps://soundcloud.com/yookiemusic
2024-06-04 16:50:35,563  SUCCESS SUCCESShttps://soundcloud.com/trapfunk
2024-06-04 16:50:35,564  SUCCESS SUCCESShttps://soundcloud.com/user-200923271
2024-06-04 16:50:35,564  SUCCESS SUCCESShttps://soundcloud.com/henriqueejulianooficial
2024-06-04 16:50:35,564  SUCCESS SUCCESShttps://soundcloud.com/t-d-r-e-s
2024-06-04 16:50:35,564  SUCCESS SUCCESShttps://soundcloud.com/9zggfeciem4j
2024-06-04 16:50:35,565  SUCCESS SUCCESShttps://soundcloud.com/fideles
2024-06-04 16:50:35,565  SUCCESS SUCCESShttps://soundcloud.com/zenetoecristianooficial
2024-06-04 16:50:35,565  SUCCESS SUCCESShttps://soundcloud.com/ckeyhouse99
2024-06-04 16:50:35,565  SUCCESS SUCCESShttps://soundcloud.com/testpressabz
2024-06-04 16:50:35,566  SUCCESS SUCCESShttps://soundcloud.com/apashe
2024-06-04 16:50:35,566  SUCCESS SUCCESShttps://soundcloud.com/user-56690226
2024-06-04 16:50:35,566  SUCCESS SUCCESShttps://soundcloud.com/eosdvida
2024-06-04 16:50:35,567  SUCCESS SUCCESShttps://soundcloud.com/official_dj_e
2024-06-04 16:50:35,567  SUCCESS SUCCESShttps://soundcloud.com/alison-alexandre-88075997
2024-06-04 16:50:35,568  SUCCESS SUCCESShttps://soundcloud.com/djjroficial
2024-06-04 16:50:35,568  SUCCESS SUCCESShttps://soundcloud.com/muzic-hvtoan
2024-06-04 16:50:35,568  SUCCESS SUCCESShttps://soundcloud.com/djjoaodainestan
2024-06-04 16:50:35,568  SUCCESS SUCCESShttps://soundcloud.com/techno-7e7
2024-06-04 16:50:35,569  SUCCESS SUCCESShttps://soundcloud.com/sesbuhna0
2024-06-04 16:50:35,569  SUCCESS SUCCESShttps://soundcloud.com/jxstzen
2024-06-04 16:50:35,569  SUCCESS SUCCESShttps://soundcloud.com/djstanleyoficial
2024-06-04 16:50:35,570  SUCCESS SUCCESShttps://soundcloud.com/maiaraemaraisaoficial
2024-06-04 16:50:35,570  SUCCESS SUCCESShttps://soundcloud.com/djdav-e
2024-06-04 16:50:35,571  SUCCESS SUCCESShttps://soundcloud.com/remvrkmusic
2024-06-04 16:50:35,571  SUCCESS SUCCESShttps://soundcloud.com/iguinhopagodes
2024-06-04 16:50:35,571  SUCCESS SUCCESShttps://soundcloud.com/kingofpoagode
2024-06-04 16:50:35,571  SUCCESS SUCCESShttps://soundcloud.com/djjapatd2
2024-06-04 16:50:35,571  SUCCESS SUCCESShttps://soundcloud.com/91666
2024-06-04 16:50:35,573  SUCCESS SUCCESShttps://soundcloud.com/ambientbrand
2024-06-04 16:50:35,573  SUCCESS SUCCESShttps://soundcloud.com/konecs
2024-06-04 16:50:35,573  SUCCESS SUCCESShttps://soundcloud.com/vcldj
2024-06-04 16:50:35,574  SUCCESS SUCCESShttps://soundcloud.com/user-393319993
2024-06-04 16:50:35,574  SUCCESS SUCCESShttps://soundcloud.com/dave-the-drummer
2024-06-04 16:50:35,574  SUCCESS SUCCESShttps://soundcloud.com/eotraap
2024-06-04 16:50:35,574  SUCCESS SUCCESShttps://soundcloud.com/lowlifeefigure
2024-06-04 16:50:35,575  SUCCESS SUCCESShttps://soundcloud.com/ezzio7
2024-06-04 16:50:35,575  SUCCESS SUCCESShttps://soundcloud.com/laua
2024-06-04 16:50:35,575  SUCCESS SUCCESShttps://soundcloud.com/chris-brown-monroe
2024-06-04 16:50:35,575  SUCCESS SUCCESShttps://soundcloud.com/996lit
2024-06-04 16:50:35,576  SUCCESS SUCCESShttps://soundcloud.com/dj-rangel-taquaril
2024-06-04 16:50:35,576  SUCCESS SUCCESShttps://soundcloud.com/renan-alberto-223947262
2024-06-04 16:50:35,576  SUCCESS SUCCESShttps://soundcloud.com/sabina-muller
2024-06-04 16:50:35,576  SUCCESS SUCCESShttps://soundcloud.com/ritmo-e-poesia
2024-06-04 16:50:35,577  SUCCESS SUCCESShttps://soundcloud.com/helena-hauff
2024-06-04 16:50:35,577  SUCCESS SUCCESShttps://soundcloud.com/lcdaroca
2024-06-04 16:50:35,578  SUCCESS SUCCESShttps://soundcloud.com/skyteee
2024-06-04 16:50:35,578  SUCCESS SUCCESShttps://soundcloud.com/user-305447532
2024-06-04 16:50:35,578  SUCCESS SUCCESShttps://soundcloud.com/nightmares-on-wax
2024-06-04 16:50:35,578  SUCCESS SUCCESShttps://soundcloud.com/smedrose
2024-06-04 16:50:35,578  SUCCESS SUCCESShttps://soundcloud.com/lancamentosdotrap2023
2024-06-04 16:50:35,578  SUCCESS SUCCESShttps://soundcloud.com/lilzemusico
2024-06-04 16:50:35,578  SUCCESS SUCCESShttps://soundcloud.com/greg_r_g-r-e
2024-06-04 16:50:35,578  SUCCESS SUCCESShttps://soundcloud.com/rem-official
2024-06-04 16:50:35,578  SUCCESS SUCCESShttps://soundcloud.com/triplepoint
2024-06-04 16:50:35,578  SUCCESS SUCCESShttps://soundcloud.com/dj-hl-de-niteroi
2024-06-04 16:50:35,578  SUCCESS SUCCESShttps://soundcloud.com/mariobeckmandj
2024-06-04 16:50:35,578  SUCCESS SUCCESShttps://soundcloud.com/e-clip
2024-06-04 16:50:35,578  SUCCESS SUCCESShttps://soundcloud.com/gigi-fm
2024-06-04 16:50:35,578  SUCCESS SUCCESShttps://soundcloud.com/abzocka
2024-06-04 16:50:35,578  SUCCESS SUCCESShttps://soundcloud.com/grindharde
2024-06-04 16:50:35,578  SUCCESS SUCCESShttps://soundcloud.com/epicurecreate
2024-06-04 16:50:35,578  SUCCESS SUCCESShttps://soundcloud.com/evianchrist
2024-06-04 16:50:35,583  SUCCESS SUCCESShttps://soundcloud.com/fraanchiisee
2024-06-04 16:50:35,583  SUCCESS SUCCESShttps://soundcloud.com/esensofficial
2024-06-04 16:50:35,583  SUCCESS SUCCESShttps://soundcloud.com/canalbhenois1
2024-06-04 16:50:35,583  SUCCESS SUCCESShttps://soundcloud.com/509-e
2024-06-04 16:50:35,584  SUCCESS SUCCESShttps://soundcloud.com/wehbba
2024-06-04 16:50:35,584  SUCCESS SUCCESShttps://soundcloud.com/musica_gospel_e_louvor
2024-06-04 16:50:35,584  SUCCESS SUCCESShttps://soundcloud.com/rendy-e
2024-06-04 16:50:35,584  SUCCESS SUCCESShttps://soundcloud.com/f-o-e-reaction-videos
2024-06-04 16:50:35,585  SUCCESS SUCCESShttps://soundcloud.com/solangeknowles
2024-06-04 16:50:35,585  SUCCESS SUCCESShttps://soundcloud.com/phace
2024-06-04 16:50:35,585  SUCCESS SUCCESShttps://soundcloud.com/user-949339004-180018689
2024-06-04 16:50:35,585  SUCCESS SUCCESShttps://soundcloud.com/l-i-e-s
2024-06-04 16:50:35,586  SUCCESS SUCCESShttps://soundcloud.com/easy-e-24
2024-06-04 16:50:35,586  SUCCESS SUCCESShttps://soundcloud.com/genetekk_efn
2024-06-04 16:50:35,587  SUCCESS SUCCESShttps://soundcloud.com/djjoetaylor
2024-06-04 16:50:35,587  SUCCESS SUCCESShttps://soundcloud.com/iamddb
2024-06-04 16:50:35,588  SUCCESS SUCCESShttps://soundcloud.com/elias-daher123
2024-06-04 16:50:35,588  SUCCESS SUCCESShttps://soundcloud.com/alljlife999wrld
2024-06-04 16:50:35,588  SUCCESS SUCCESShttps://soundcloud.com/user-295510682
2024-06-04 16:50:35,589  SUCCESS SUCCESShttps://soundcloud.com/hbk_1
2024-06-04 16:50:35,589  SUCCESS SUCCESShttps://soundcloud.com/evanlight-973727726
2024-06-04 16:50:35,589  SUCCESS SUCCESShttps://soundcloud.com/adrienmusicro
2024-06-04 16:50:35,590  SUCCESS SUCCESShttps://soundcloud.com/marina-de-oliveira-fas
2024-06-04 16:50:35,590  SUCCESS SUCCESShttps://soundcloud.com/ashexo
2024-06-04 16:50:35,590  SUCCESS SUCCESShttps://soundcloud.com/thend123
2024-06-04 16:50:35,590  SUCCESS SUCCESShttps://soundcloud.com/user-77671742
2024-06-04 16:50:35,591  SUCCESS SUCCESShttps://soundcloud.com/ami-rad-242574507
2024-06-04 16:50:35,591  SUCCESS SUCCESShttps://soundcloud.com/kayo-kayo-442316664
2024-06-04 16:50:35,591  SUCCESS SUCCESShttps://soundcloud.com/1stackie
2024-06-04 16:50:35,591  SUCCESS SUCCESShttps://soundcloud.com/lowetechno
2024-06-04 16:50:35,592  SUCCESS SUCCESShttps://soundcloud.com/dj-wendel-wb
2024-06-04 16:50:35,593  SUCCESS SUCCESShttps://soundcloud.com/parallelhh
2024-06-04 16:50:35,593  SUCCESS SUCCESShttps://soundcloud.com/piseiro-forro
2024-06-04 16:50:35,593  SUCCESS SUCCESShttps://soundcloud.com/3791
2024-06-04 16:50:35,594  SUCCESS SUCCESShttps://soundcloud.com/djigoorcdaoficial
2024-06-04 16:50:35,594  SUCCESS SUCCESShttps://soundcloud.com/top1-br
2024-06-04 16:50:35,594  SUCCESS SUCCESShttps://soundcloud.com/djdoisdzinho-daniel
2024-06-04 16:50:35,594  SUCCESS SUCCESShttps://soundcloud.com/dj-jeezyyy
2024-06-04 16:50:35,594  SUCCESS SUCCESShttps://soundcloud.com/matheus-gabriel-906780797
2024-06-04 16:50:35,594  SUCCESS SUCCESShttps://soundcloud.com/the_endless_knot
2024-06-04 16:50:35,594  SUCCESS SUCCESShttps://soundcloud.com/sheikdasmulher
2024-06-04 16:50:35,594  SUCCESS SUCCESShttps://soundcloud.com/djfelipedes
2024-06-04 16:50:35,594  SUCCESS SUCCESShttps://soundcloud.com/daniel-prince-370346150
2024-06-04 16:50:35,594  SUCCESS SUCCESShttps://soundcloud.com/crudeberlin
2024-06-04 16:50:35,594  SUCCESS SUCCESShttps://soundcloud.com/thenothingdronesnewpop
2024-06-04 16:50:35,594  SUCCESS SUCCESShttps://soundcloud.com/dying2night
2024-06-04 16:50:35,594  SUCCESS SUCCESShttps://soundcloud.com/universe-axiom-label
2024-06-04 16:50:35,594  SUCCESS SUCCESShttps://soundcloud.com/thendoriginaltapes
2024-06-04 16:50:35,594  SUCCESS SUCCESShttps://soundcloud.com/tim-hienzsch
2024-06-04 16:50:35,598  SUCCESS SUCCESShttps://soundcloud.com/user-793543988-785076913
2024-06-04 16:50:35,598  SUCCESS SUCCESShttps://soundcloud.com/w-sounds-1
2024-06-04 16:50:35,598  SUCCESS SUCCESShttps://soundcloud.com/es
2024-06-04 16:50:35,598  SUCCESS SUCCESShttps://soundcloud.com/h-u-ph-c-chanel
2024-06-04 16:50:35,599  SUCCESS SUCCESShttps://soundcloud.com/takti-live
2024-06-04 16:50:35,599  SUCCESS SUCCESShttps://soundcloud.com/type_1
2024-06-04 16:50:35,599  SUCCESS SUCCESShttps://soundcloud.com/crazynoise-eric
2024-06-04 16:50:35,599  SUCCESS SUCCESShttps://soundcloud.com/actek44
2024-06-04 16:50:35,600  SUCCESS SUCCESShttps://soundcloud.com/p-e-a-r-l
2024-06-04 16:50:35,600  SUCCESS SUCCESShttps://soundcloud.com/tiktaakofficial
2024-06-04 16:50:35,600  SUCCESS SUCCESShttps://soundcloud.com/e3133747
2024-06-04 16:50:35,600  SUCCESS SUCCESShttps://soundcloud.com/yoshua-e-m
2024-06-04 16:50:35,601  SUCCESS SUCCESShttps://soundcloud.com/745118932
2024-06-04 16:50:35,601  SUCCESS SUCCESShttps://soundcloud.com/djtaask
2024-06-04 16:50:35,601  SUCCESS SUCCESShttps://soundcloud.com/karkeys_21
2024-06-04 16:50:35,601  SUCCESS SUCCESShttps://soundcloud.com/rogermartinez
2024-06-04 16:50:35,602  SUCCESS SUCCESShttps://soundcloud.com/djeduardobravaoficial
2024-06-04 16:50:35,602  SUCCESS SUCCESShttps://soundcloud.com/ryan-celsius
2024-06-04 16:50:35,603  SUCCESS SUCCESShttps://soundcloud.com/edubble
2024-06-04 16:50:35,603  SUCCESS SUCCESShttps://soundcloud.com/nerd
2024-06-04 16:50:35,603  SUCCESS SUCCESShttps://soundcloud.com/lalionnn
2024-06-04 16:50:35,604  SUCCESS SUCCESShttps://soundcloud.com/niju-1
2024-06-04 16:50:35,605  SUCCESS SUCCESShttps://soundcloud.com/jayelectronica
2024-06-04 16:50:35,605  SUCCESS SUCCESShttps://soundcloud.com/sizerecords
2024-06-04 16:50:35,606  SUCCESS SUCCESShttps://soundcloud.com/dj-chant-e-chantcore
2024-06-04 16:50:35,607  SUCCESS SUCCESShttps://soundcloud.com/djevertonmartinss
2024-06-04 16:50:35,607  SUCCESS SUCCESShttps://soundcloud.com/curlyj1
2024-06-04 16:50:35,607  SUCCESS SUCCESShttps://soundcloud.com/edxmusic
2024-06-04 16:50:35,607  SUCCESS SUCCESShttps://soundcloud.com/mikepush
2024-06-04 16:50:35,608  SUCCESS SUCCESShttps://soundcloud.com/e-coli
2024-06-04 16:50:35,608  SUCCESS SUCCESShttps://soundcloud.com/djyure22ofc
2024-06-04 16:50:35,608  SUCCESS SUCCESShttps://soundcloud.com/mcleleto
2024-06-04 16:50:35,608  SUCCESS SUCCESShttps://soundcloud.com/example
2024-06-04 16:50:35,609  SUCCESS SUCCESShttps://soundcloud.com/wael-e-722944093
2024-06-04 16:50:35,609  SUCCESS SUCCESShttps://soundcloud.com/edabandaya
2024-06-04 16:50:35,609  SUCCESS SUCCESShttps://soundcloud.com/djorelhampc1
2024-06-04 16:50:35,609  SUCCESS SUCCESShttps://soundcloud.com/leandro-e-leonardo
2024-06-04 16:50:35,610  SUCCESS SUCCESShttps://soundcloud.com/omnivi3e
2024-06-04 16:50:35,610  SUCCESS SUCCESShttps://soundcloud.com/d-e-m-706122122
2024-06-04 16:50:35,610  SUCCESS SUCCESShttps://soundcloud.com/audiosoniclive
2024-06-04 16:50:35,610  SUCCESS SUCCESShttps://soundcloud.com/berelationspublishing
2024-06-04 16:50:35,610  SUCCESS SUCCESShttps://soundcloud.com/user-469244820
2024-06-04 16:50:35,610  SUCCESS SUCCESShttps://soundcloud.com/dung205
2024-06-04 16:50:35,610  SUCCESS SUCCESShttps://soundcloud.com/impressumrecordings
2024-06-04 16:50:35,610  SUCCESS SUCCESShttps://soundcloud.com/thendalternative
2024-06-04 16:50:35,610  SUCCESS SUCCESShttps://soundcloud.com/djsanbarbosa
2024-06-04 16:50:35,610  SUCCESS SUCCESShttps://soundcloud.com/xdjneonx
2024-06-04 16:50:35,613  SUCCESS SUCCESShttps://soundcloud.com/horuko_18583
2024-06-04 16:50:35,613  SUCCESS SUCCESShttps://soundcloud.com/alissoneneide
2024-06-04 16:50:35,613  SUCCESS SUCCESShttps://soundcloud.com/caique-dias-355333414
2024-06-04 16:50:35,613  SUCCESS SUCCESShttps://soundcloud.com/epaindem
2024-06-04 16:50:35,614  SUCCESS SUCCESShttps://soundcloud.com/memakesgoodmusic
2024-06-04 16:50:35,614  SUCCESS SUCCESShttps://soundcloud.com/hallucidite
2024-06-04 16:50:35,614  SUCCESS SUCCESShttps://soundcloud.com/tsbin
2024-06-04 16:50:35,614  SUCCESS SUCCESShttps://soundcloud.com/exogroove
2024-06-04 16:50:35,615  SUCCESS SUCCESShttps://soundcloud.com/user-835933360
2024-06-04 16:50:35,615  SUCCESS SUCCESShttps://soundcloud.com/benekingofficial
2024-06-04 16:50:35,615  SUCCESS SUCCESShttps://soundcloud.com/andreas-efken
2024-06-04 16:50:35,615  SUCCESS SUCCESShttps://soundcloud.com/dj-rike-freitas
2024-06-04 16:50:35,616  SUCCESS SUCCESShttps://soundcloud.com/trendtiktokbr
2024-06-04 16:50:35,616  SUCCESS SUCCESShttps://soundcloud.com/djkoreiaoficial
2024-06-04 16:50:35,616  SUCCESS SUCCESShttps://soundcloud.com/menor_bl7
2024-06-04 16:50:35,616  SUCCESS SUCCESShttps://soundcloud.com/scott-g-burton
2024-06-04 16:50:35,617  SUCCESS SUCCESShttps://soundcloud.com/epaindem2
2024-06-04 16:50:35,617  SUCCESS SUCCESShttps://soundcloud.com/fad-e-to
2024-06-04 16:50:35,617  SUCCESS SUCCESShttps://soundcloud.com/pablochill-e-music
2024-06-04 16:50:35,617  SUCCESS SUCCESShttps://soundcloud.com/nozzy-e
2024-06-04 16:50:35,618  SUCCESS SUCCESShttps://soundcloud.com/happysadfacemusic
2024-06-04 16:50:35,618  SUCCESS SUCCESShttps://soundcloud.com/user-511668162
2024-06-04 16:50:35,618  SUCCESS SUCCESShttps://soundcloud.com/clumz1e
2024-06-04 16:50:35,618  SUCCESS SUCCESShttps://soundcloud.com/keda-kteer
2024-06-04 16:50:35,618  SUCCESS SUCCESShttps://soundcloud.com/rhythmstormatkum
2024-06-04 16:50:35,619  SUCCESS SUCCESShttps://soundcloud.com/ed_e_t_uk
2024-06-04 16:50:35,619  SUCCESS SUCCESShttps://soundcloud.com/rober-martin-6
2024-06-04 16:50:35,620  SUCCESS SUCCESShttps://soundcloud.com/payboik
2024-06-04 16:50:35,620  SUCCESS SUCCESShttps://soundcloud.com/djandrecg
2024-06-04 16:50:35,621  SUCCESS SUCCESShttps://soundcloud.com/afandena9
2024-06-04 16:50:35,621  SUCCESS SUCCESShttps://soundcloud.com/e13x3
2024-06-04 16:50:35,622  SUCCESS SUCCESShttps://soundcloud.com/djrosaneamaral
2024-06-04 16:50:35,622  SUCCESS SUCCESShttps://soundcloud.com/djmbdabrasilia
2024-06-04 16:50:35,623  SUCCESS SUCCESShttps://soundcloud.com/laurenlosung
2024-06-04 16:50:35,623  SUCCESS SUCCESShttps://soundcloud.com/user1231989
2024-06-04 16:50:35,623  SUCCESS SUCCESShttps://soundcloud.com/user-688426423
2024-06-04 16:50:35,624  SUCCESS SUCCESShttps://soundcloud.com/ohliveosun
2024-06-04 16:50:35,624  SUCCESS SUCCESShttps://soundcloud.com/gzathe-genius
2024-06-04 16:50:35,624  SUCCESS SUCCESShttps://soundcloud.com/emel_dosisdb
2024-06-04 16:50:35,625  SUCCESS SUCCESShttps://soundcloud.com/ayrea
2024-06-04 16:50:35,625  SUCCESS SUCCESShttps://soundcloud.com/peter_303
2024-06-04 16:50:35,625  SUCCESS SUCCESShttps://soundcloud.com/obenmusik
2024-06-04 16:50:35,625  SUCCESS SUCCESShttps://soundcloud.com/e-trainz
2024-06-04 16:50:35,626  SUCCESS SUCCESShttps://soundcloud.com/teexgee
2024-06-04 16:50:35,626  SUCCESS SUCCESShttps://soundcloud.com/heusslenfoire
2024-06-04 16:50:35,626  SUCCESS SUCCESShttps://soundcloud.com/annabel
2024-06-04 16:50:35,626  SUCCESS SUCCESShttps://soundcloud.com/a-beatmaker
2024-06-04 16:50:35,627  SUCCESS SUCCESShttps://soundcloud.com/pablochill-e
2024-06-04 16:50:35,627  SUCCESS SUCCESShttps://soundcloud.com/e110101
2024-06-04 16:50:35,627  SUCCESS SUCCESShttps://soundcloud.com/fa4e-153597732
2024-06-04 16:50:35,628  SUCCESS SUCCESShttps://soundcloud.com/mr3e1
2024-06-04 16:50:35,628  SUCCESS SUCCESShttps://soundcloud.com/e4-menorziin
2024-06-04 16:50:35,628  SUCCESS SUCCESShttps://soundcloud.com/l-a_e-m
2024-06-04 16:50:35,628  SUCCESS SUCCESShttps://soundcloud.com/e-komo-mai
2024-06-04 16:50:35,629  SUCCESS SUCCESShttps://soundcloud.com/brandan-e-aka-dj-e-feezy
2024-06-04 16:50:35,629  SUCCESS SUCCESShttps://soundcloud.com/fane-e
2024-06-04 16:50:35,629  SUCCESS SUCCESShttps://soundcloud.com/spydat-e-k-xtra
2024-06-04 16:50:35,629  SUCCESS SUCCESShttps://soundcloud.com/b-e-ps
2024-06-04 16:50:35,630  SUCCESS SUCCESShttps://soundcloud.com/hamada-shaqfa
2024-06-04 16:50:35,630  SUCCESS SUCCESShttps://soundcloud.com/therraflew_gang
2024-06-04 16:50:35,630  SUCCESS SUCCESShttps://soundcloud.com/groovesbygusted
2024-06-04 16:50:35,631  SUCCESS SUCCESShttps://soundcloud.com/wsounds-matheus-e-kauan
2024-06-04 16:50:35,631  SUCCESS SUCCESShttps://soundcloud.com/veda_ray
2024-06-04 16:50:35,631  SUCCESS SUCCESShttps://soundcloud.com/deserv3
2024-06-04 16:50:35,631  SUCCESS SUCCESShttps://soundcloud.com/dennis-rehberg-427888274
2024-06-04 16:50:35,632  SUCCESS SUCCESShttps://soundcloud.com/user-944085088
2024-06-04 16:50:35,632  SUCCESS SUCCESShttps://soundcloud.com/mr-capone-e-hi-power
2024-06-04 16:50:35,632  SUCCESS SUCCESShttps://soundcloud.com/e_death
2024-06-04 16:50:35,632  SUCCESS SUCCESShttps://soundcloud.com/djlucasmeloofv
2024-06-04 16:50:35,633  SUCCESS SUCCESShttps://soundcloud.com/astropsyhe
2024-06-04 16:50:35,633  SUCCESS SUCCESShttps://soundcloud.com/egerat
2024-06-04 16:50:35,633  SUCCESS SUCCESShttps://soundcloud.com/caretprofil
2024-06-04 16:50:35,634  SUCCESS SUCCESShttps://soundcloud.com/khnumcrew
2024-06-04 16:50:35,634  SUCCESS SUCCESShttps://soundcloud.com/user5694741
2024-06-04 16:50:35,634  SUCCESS SUCCESShttps://soundcloud.com/benzn_official
2024-06-04 16:50:35,634  SUCCESS SUCCESShttps://soundcloud.com/rocinhacity57
2024-06-04 16:50:35,635  SUCCESS SUCCESShttps://soundcloud.com/suave-fresco
2024-06-04 16:50:35,635  SUCCESS SUCCESShttps://soundcloud.com/djxalee
2024-06-04 16:50:35,636  SUCCESS SUCCESShttps://soundcloud.com/zay-p-7333031
2024-06-04 16:50:35,636  SUCCESS SUCCESShttps://soundcloud.com/maria-theresia-von-eberg
2024-06-04 16:50:35,636  SUCCESS SUCCESShttps://soundcloud.com/bfrome
2024-06-04 16:50:35,638  SUCCESS SUCCESShttps://soundcloud.com/aurangzaib-khan-984426468
2024-06-04 16:50:35,639  SUCCESS SUCCESShttps://soundcloud.com/user-895058298
2024-06-04 16:50:35,640  SUCCESS SUCCESShttps://soundcloud.com/tumar-tehran
2024-06-04 16:50:35,640  SUCCESS SUCCESShttps://soundcloud.com/melika179037093
2024-06-04 16:50:35,640  SUCCESS SUCCESShttps://soundcloud.com/eaglefeather93
2024-06-04 16:50:35,640  SUCCESS SUCCESShttps://soundcloud.com/zet_kor
2024-06-04 16:50:35,640  SUCCESS SUCCESShttps://soundcloud.com/sylexofficiel
2024-06-04 16:50:35,640  SUCCESS SUCCESShttps://soundcloud.com/dubzz-the-rapper
2024-06-04 16:50:35,640  SUCCESS SUCCESShttps://soundcloud.com/eoumuse
2024-06-04 16:50:35,641  SUCCESS SUCCESShttps://soundcloud.com/tetoband
2024-06-04 16:50:35,641  SUCCESS SUCCESShttps://soundcloud.com/eforcenl
2024-06-04 16:50:35,641  SUCCESS SUCCESShttps://soundcloud.com/crusherliveofficial
2024-06-04 16:50:35,641  SUCCESS SUCCESShttps://soundcloud.com/martins-alvens
2024-06-04 16:50:35,642  SUCCESS SUCCESShttps://soundcloud.com/dj2goterror
2024-06-04 16:50:35,642  SUCCESS SUCCESShttps://soundcloud.com/user-859956318
2024-06-04 16:50:35,642  SUCCESS SUCCESShttps://soundcloud.com/andre-e-hoyos
2024-06-04 16:50:35,643  SUCCESS SUCCESShttps://soundcloud.com/rndo6pedal
2024-06-04 16:50:35,643  SUCCESS SUCCESShttps://soundcloud.com/mc-marlon-original
2024-06-04 16:50:35,643  SUCCESS SUCCESShttps://soundcloud.com/2p_do_dende
2024-06-04 16:50:35,643  SUCCESS SUCCESShttps://soundcloud.com/user-525828377
2024-06-04 16:50:35,644  SUCCESS SUCCESShttps://soundcloud.com/lancamentosdotrap3
2024-06-04 16:50:35,644  SUCCESS SUCCESShttps://soundcloud.com/rlkgv
2024-06-04 16:50:35,644  SUCCESS SUCCESShttps://soundcloud.com/canalbhenois2
2024-06-04 16:50:35,644  SUCCESS SUCCESShttps://soundcloud.com/jadelabel
2024-06-04 16:50:35,645  SUCCESS SUCCESShttps://soundcloud.com/user-592176076
2024-06-04 16:50:35,645  SUCCESS SUCCESShttps://soundcloud.com/ethan-lacefield-20288103
2024-06-04 16:50:35,645  SUCCESS SUCCESShttps://soundcloud.com/kdagreat007
2024-06-04 16:50:35,645  SUCCESS SUCCESShttps://soundcloud.com/skyte-skyte
2024-06-04 16:50:35,646  SUCCESS SUCCESShttps://soundcloud.com/lashinrt
2024-06-04 16:50:35,646  SUCCESS SUCCESShttps://soundcloud.com/djsorrisodamare
2024-06-04 16:50:35,646  SUCCESS SUCCESShttps://soundcloud.com/eointc
2024-06-04 16:50:35,646  SUCCESS SUCCESShttps://soundcloud.com/dual-monolog
2024-06-04 16:50:35,648  SUCCESS SUCCESShttps://soundcloud.com/krach3rlive
2024-06-04 16:50:35,648  SUCCESS SUCCESShttps://soundcloud.com/djjuninhobs
2024-06-04 16:50:35,648  SUCCESS SUCCESShttps://soundcloud.com/ambiluvsu
2024-06-04 16:50:35,648  SUCCESS SUCCESShttps://soundcloud.com/michael-david-313074159
2024-06-04 16:50:35,649  SUCCESS SUCCESShttps://soundcloud.com/denzo_eso
2024-06-04 16:50:35,649  SUCCESS SUCCESShttps://soundcloud.com/echo_2_earth
2024-06-04 16:50:35,649  SUCCESS SUCCESShttps://soundcloud.com/kyle-callaghan-575771820
2024-06-04 16:50:35,650  SUCCESS SUCCESShttps://soundcloud.com/s-e-lane
2024-06-04 16:50:35,650  SUCCESS SUCCESShttps://soundcloud.com/noctelle
2024-06-04 16:50:35,650  SUCCESS SUCCESShttps://soundcloud.com/mushi-249351317
2024-06-04 16:50:35,650  SUCCESS SUCCESShttps://soundcloud.com/mide-mide-572978205
2024-06-04 16:50:35,651  SUCCESS SUCCESShttps://soundcloud.com/tracy-yamaguchi
2024-06-04 16:50:35,651  SUCCESS SUCCESShttps://soundcloud.com/hillendale
2024-06-04 16:50:35,651  SUCCESS SUCCESShttps://soundcloud.com/rimmler-t-s-a-tristar
2024-06-04 16:50:35,669  SUCCESS Crawling Sucessfully
